[INFO ] 2023-01-16 15:36:30.654 [main] Log - NORMALIZED STR: Mac OS X
[INFO ] 2023-01-16 15:36:30.657 [main] Log - {mac os x} CONTAINED {mac os x}
[INFO ] 2023-01-16 15:36:30.657 [main] Log - NORMALIZED STR: Mac OS X
[INFO ] 2023-01-16 15:36:30.657 [main] Log - {mac os x} CONTAINED {mac os x}
[INFO ] 2023-01-16 15:36:30.657 [main] Log - NORMALIZED STR: Mac OS X
[INFO ] 2023-01-16 15:36:30.658 [main] Log - {mac os x} CONTAINED {mac os x}
[INFO ] 2023-01-16 15:36:30.658 [main] Log - NORMALIZED STR: Mac OS X
[INFO ] 2023-01-16 15:36:30.658 [main] Log - {mac os x} CONTAINED {mac os x}
[INFO ] 2023-01-16 15:36:30.658 [main] Log - GOT PROPERTIES FILE >>
[INFO ] 2023-01-16 15:36:30.658 [main] Log - NORMALIZED STR: safari
[INFO ] 2023-01-16 15:36:30.658 [main] Log - NORMALIZED STR: false
[INFO ] 2023-01-16 15:36:30.658 [main] Log - NORMALIZED STR: https://www.uniqlo.com/vn/en/
[INFO ] 2023-01-16 15:36:30.658 [main] Log - THE DESIGNATED BROWSER= safari
[INFO ] 2023-01-16 15:36:37.184 [main] Log - TRIGGER BROWSER >>
[INFO ] 2023-01-16 15:36:37.191 [main] Log - GOT PROPERTIES FILE >>
[INFO ] 2023-01-16 15:36:37.504 [main] Log - NAVIGATED TO HOME >>   
[INFO ] 2023-01-16 15:36:37.602 [main] Log - FOUND SELECTOR= //input[@id= "searchInput"]
[INFO ] 2023-01-16 15:36:37.951 [main] Log - PRESSED ENTER >>
[INFO ] 2023-01-16 15:36:37.952 [main] Log - CONDUCTED SEARCH >>
[INFO ] 2023-01-16 15:36:38.206 [main] Log - SEARCH RESULT CONTENT= ba
[INFO ] 2023-01-16 15:36:38.207 [main] Log - SEARCH RESULT LABEL CONTAINED ba
[INFO ] 2023-01-16 15:36:38.208 [main] Log - {NETWORKIDLE} CONTAINED {NETWORKIDLE}
[INFO ] 2023-01-16 15:36:43.945 [main] Log - VERIFY IF //div[@data-test= "searchPageRoot"]//span[contains(text(), "View more")] IS VISIBLE >>  
[WARN ] 2023-01-16 15:36:43.963 [main] Log - VIEW MORE CTA IS NOT FOUND >>    
[INFO ] 2023-01-16 15:36:43.970 [main] Log - TOTAL PRODUCT COUNTED= 23
[INFO ] 2023-01-16 15:36:43.981 [main] Log - LIST OF PRODUCT NAME= [Linen Blend Band Collar 3/4 Sleeve Shirt, Linen Blend Band Collar 3/4 Sleeve Shirt, Baggy Jeans, Baggy Jeans, Baggy Jeans, Cotton Baggy Pants, High Rise Briefs (Basic), Hiphugger (Basic), Round Mini Shoulder Bag, Faux Leather Wallet Mini Shoulder Bag, FAUX LEATHER MINI FLAP SHOULDER BAG, Comfeel Touch Ballet Shoes, Gift Bag, Balmacaan Coat, Nylon 2WAY Bag, Mini Drawstring Bag, Mini Shoulder Bag, Eco-Friendly Bag, GIRLS Baggy Jeans, GIRLS Baggy Jeans, AIRism Cotton Balloon Shorts, BABY(TODDLER) DRY PAJAMAS SHORT SLEEVE, BABY(TODDLER) DRY PAJAMAS SHORT SLEEVE]
[INFO ] 2023-01-16 15:36:43.982 [main] Log - {Linen Blend Band Collar 3/4 Sleeve Shirt} CONTAINED {ba}
[INFO ] 2023-01-16 15:36:43.982 [main] Log - SUCCESSFUL VERIFIED: PRODUCT NAME CONTAINED THE KEY: ba
[INFO ] 2023-01-16 15:36:43.982 [main] Log - {Linen Blend Band Collar 3/4 Sleeve Shirt} CONTAINED {ba}
[INFO ] 2023-01-16 15:36:43.982 [main] Log - SUCCESSFUL VERIFIED: PRODUCT NAME CONTAINED THE KEY: ba
[INFO ] 2023-01-16 15:36:43.982 [main] Log - {Baggy Jeans} CONTAINED {ba}
[INFO ] 2023-01-16 15:36:43.982 [main] Log - SUCCESSFUL VERIFIED: PRODUCT NAME CONTAINED THE KEY: ba
[INFO ] 2023-01-16 15:36:43.982 [main] Log - {Baggy Jeans} CONTAINED {ba}
[INFO ] 2023-01-16 15:36:43.982 [main] Log - SUCCESSFUL VERIFIED: PRODUCT NAME CONTAINED THE KEY: ba
[INFO ] 2023-01-16 15:36:43.982 [main] Log - {Baggy Jeans} CONTAINED {ba}
[INFO ] 2023-01-16 15:36:43.982 [main] Log - SUCCESSFUL VERIFIED: PRODUCT NAME CONTAINED THE KEY: ba
[INFO ] 2023-01-16 15:36:43.982 [main] Log - {Cotton Baggy Pants} CONTAINED {ba}
[INFO ] 2023-01-16 15:36:43.982 [main] Log - SUCCESSFUL VERIFIED: PRODUCT NAME CONTAINED THE KEY: ba
[INFO ] 2023-01-16 15:36:43.982 [main] Log - {High Rise Briefs (Basic)} CONTAINED {ba}
[INFO ] 2023-01-16 15:36:43.982 [main] Log - SUCCESSFUL VERIFIED: PRODUCT NAME CONTAINED THE KEY: ba
[INFO ] 2023-01-16 15:36:43.982 [main] Log - {Hiphugger (Basic)} CONTAINED {ba}
[INFO ] 2023-01-16 15:36:43.983 [main] Log - SUCCESSFUL VERIFIED: PRODUCT NAME CONTAINED THE KEY: ba
[INFO ] 2023-01-16 15:36:43.983 [main] Log - {Round Mini Shoulder Bag} CONTAINED {ba}
[INFO ] 2023-01-16 15:36:43.983 [main] Log - SUCCESSFUL VERIFIED: PRODUCT NAME CONTAINED THE KEY: ba
[INFO ] 2023-01-16 15:36:43.983 [main] Log - {Faux Leather Wallet Mini Shoulder Bag} CONTAINED {ba}
[INFO ] 2023-01-16 15:36:43.983 [main] Log - SUCCESSFUL VERIFIED: PRODUCT NAME CONTAINED THE KEY: ba
[INFO ] 2023-01-16 15:36:43.983 [main] Log - {FAUX LEATHER MINI FLAP SHOULDER BAG} CONTAINED {ba}
[INFO ] 2023-01-16 15:36:43.983 [main] Log - SUCCESSFUL VERIFIED: PRODUCT NAME CONTAINED THE KEY: ba
[INFO ] 2023-01-16 15:36:43.983 [main] Log - {Comfeel Touch Ballet Shoes} CONTAINED {ba}
[INFO ] 2023-01-16 15:36:43.983 [main] Log - SUCCESSFUL VERIFIED: PRODUCT NAME CONTAINED THE KEY: ba
[INFO ] 2023-01-16 15:36:43.983 [main] Log - {Gift Bag} CONTAINED {ba}
[INFO ] 2023-01-16 15:36:43.983 [main] Log - SUCCESSFUL VERIFIED: PRODUCT NAME CONTAINED THE KEY: ba
[INFO ] 2023-01-16 15:36:43.983 [main] Log - {Balmacaan Coat} CONTAINED {ba}
[INFO ] 2023-01-16 15:36:43.983 [main] Log - SUCCESSFUL VERIFIED: PRODUCT NAME CONTAINED THE KEY: ba
[INFO ] 2023-01-16 15:36:43.983 [main] Log - {Nylon 2WAY Bag} CONTAINED {ba}
[INFO ] 2023-01-16 15:36:43.983 [main] Log - SUCCESSFUL VERIFIED: PRODUCT NAME CONTAINED THE KEY: ba
[INFO ] 2023-01-16 15:36:43.983 [main] Log - {Mini Drawstring Bag} CONTAINED {ba}
[INFO ] 2023-01-16 15:36:43.983 [main] Log - SUCCESSFUL VERIFIED: PRODUCT NAME CONTAINED THE KEY: ba
[INFO ] 2023-01-16 15:36:43.983 [main] Log - {Mini Shoulder Bag} CONTAINED {ba}
[INFO ] 2023-01-16 15:36:43.983 [main] Log - SUCCESSFUL VERIFIED: PRODUCT NAME CONTAINED THE KEY: ba
[INFO ] 2023-01-16 15:36:43.983 [main] Log - {Eco-Friendly Bag} CONTAINED {ba}
[INFO ] 2023-01-16 15:36:43.983 [main] Log - SUCCESSFUL VERIFIED: PRODUCT NAME CONTAINED THE KEY: ba
[INFO ] 2023-01-16 15:36:43.984 [main] Log - {GIRLS Baggy Jeans} CONTAINED {ba}
[INFO ] 2023-01-16 15:36:43.984 [main] Log - SUCCESSFUL VERIFIED: PRODUCT NAME CONTAINED THE KEY: ba
[INFO ] 2023-01-16 15:36:43.984 [main] Log - {GIRLS Baggy Jeans} CONTAINED {ba}
[INFO ] 2023-01-16 15:36:43.984 [main] Log - SUCCESSFUL VERIFIED: PRODUCT NAME CONTAINED THE KEY: ba
[INFO ] 2023-01-16 15:36:43.984 [main] Log - {AIRism Cotton Balloon Shorts} CONTAINED {ba}
[INFO ] 2023-01-16 15:36:43.984 [main] Log - SUCCESSFUL VERIFIED: PRODUCT NAME CONTAINED THE KEY: ba
[INFO ] 2023-01-16 15:36:43.984 [main] Log - {BABY(TODDLER) DRY PAJAMAS SHORT SLEEVE} CONTAINED {ba}
[INFO ] 2023-01-16 15:36:43.984 [main] Log - SUCCESSFUL VERIFIED: PRODUCT NAME CONTAINED THE KEY: ba
[INFO ] 2023-01-16 15:36:43.984 [main] Log - {BABY(TODDLER) DRY PAJAMAS SHORT SLEEVE} CONTAINED {ba}
[INFO ] 2023-01-16 15:36:43.984 [main] Log - SUCCESSFUL VERIFIED: PRODUCT NAME CONTAINED THE KEY: ba
