[INFO ] 2022-11-04 20:47:30.565 [main] Log - NORMALIZED STR: Mac OS X
[INFO ] 2022-11-04 20:47:30.568 [main] Log - NORMALIZED STR: Mac OS X
[INFO ] 2022-11-04 20:47:30.568 [main] Log - NORMALIZED STR: Mac OS X
[INFO ] 2022-11-04 20:47:30.568 [main] Log - NORMALIZED STR: Mac OS X
[INFO ] 2022-11-04 20:47:30.569 [main] Log - GOT PROPERTIES FILE >>
[INFO ] 2022-11-04 20:47:30.569 [main] Log - NORMALIZED STR: firefox
[INFO ] 2022-11-04 20:47:30.569 [main] Log - NORMALIZED STR: false
[INFO ] 2022-11-04 20:47:30.569 [main] Log - NORMALIZED STR: https://www.uniqlo.com/vn/en/
[INFO ] 2022-11-04 20:47:30.569 [main] Log - THE DESIGNATED BROWSER= firefox
[INFO ] 2022-11-04 20:47:43.197 [main] Log - TRIGGER BROWSER >>
[INFO ] 2022-11-04 20:47:43.422 [main] Log - FOUND SELECTOR= //input[@id= "searchInput"]
[INFO ] 2022-11-04 20:47:43.565 [main] Log - PRESSED ENTER >>
[INFO ] 2022-11-04 20:47:43.565 [main] Log - CONDUCTED SEARCH >>
[INFO ] 2022-11-04 20:48:20.131 [main] Log - NORMALIZED STR: Mac OS X
[INFO ] 2022-11-04 20:48:20.132 [main] Log - NORMALIZED STR: Mac OS X
[INFO ] 2022-11-04 20:48:20.132 [main] Log - NORMALIZED STR: Mac OS X
[INFO ] 2022-11-04 20:48:20.132 [main] Log - NORMALIZED STR: Mac OS X
[INFO ] 2022-11-04 20:48:20.132 [main] Log - GOT PROPERTIES FILE >>
[INFO ] 2022-11-04 20:48:20.132 [main] Log - NORMALIZED STR: firefox
[INFO ] 2022-11-04 20:48:20.132 [main] Log - NORMALIZED STR: false
[INFO ] 2022-11-04 20:48:20.132 [main] Log - NORMALIZED STR: https://www.uniqlo.com/vn/en/
[INFO ] 2022-11-04 20:48:20.133 [main] Log - THE DESIGNATED BROWSER= firefox
[INFO ] 2022-11-04 20:48:25.370 [main] Log - TRIGGER BROWSER >>
[INFO ] 2022-11-04 20:48:25.654 [main] Log - FOUND SELECTOR= //input[@id= "searchInput"]
[INFO ] 2022-11-04 20:48:25.806 [main] Log - PRESSED ENTER >>
[INFO ] 2022-11-04 20:48:25.806 [main] Log - CONDUCTED SEARCH >>
[INFO ] 2022-11-04 20:48:36.909 [main] Log - NORMALIZED STR: Mac OS X
[INFO ] 2022-11-04 20:48:36.910 [main] Log - NORMALIZED STR: Mac OS X
[INFO ] 2022-11-04 20:48:36.910 [main] Log - NORMALIZED STR: Mac OS X
[INFO ] 2022-11-04 20:48:36.910 [main] Log - NORMALIZED STR: Mac OS X
[INFO ] 2022-11-04 20:48:36.910 [main] Log - GOT PROPERTIES FILE >>
[INFO ] 2022-11-04 20:48:36.911 [main] Log - NORMALIZED STR: firefox
[INFO ] 2022-11-04 20:48:36.911 [main] Log - NORMALIZED STR: false
[INFO ] 2022-11-04 20:48:36.911 [main] Log - NORMALIZED STR: https://www.uniqlo.com/vn/en/
[INFO ] 2022-11-04 20:48:36.911 [main] Log - THE DESIGNATED BROWSER= firefox
[INFO ] 2022-11-04 20:48:41.998 [main] Log - TRIGGER BROWSER >>
[INFO ] 2022-11-04 20:48:42.434 [main] Log - FOUND SELECTOR= //input[@id= "searchInput"]
[INFO ] 2022-11-04 20:48:42.648 [main] Log - PRESSED ENTER >>
[INFO ] 2022-11-04 20:48:42.649 [main] Log - CONDUCTED SEARCH >>
[INFO ] 2022-11-04 20:49:09.253 [main] Log - TOTAL PRODUCT= 3
[INFO ] 2022-11-04 20:49:09.275 [main] Log - PRODUCT NAME= Track Jacket
[INFO ] 2022-11-04 20:49:09.275 [main] Log - PRODUCT NAME= Pile Lined Sweat Track Jacket
[INFO ] 2022-11-04 20:49:09.275 [main] Log - PRODUCT NAME= Track Pants
[INFO ] 2022-11-04 20:49:09.290 [main] Log - DELETED ALL COOKIES >>
[WARN ] 2022-11-04 20:49:09.655 [main] Log - REPELLED BROWSER >>
[INFO ] 2022-11-04 20:49:40.060 [main] Log - NORMALIZED STR: Mac OS X
[INFO ] 2022-11-04 20:49:40.061 [main] Log - NORMALIZED STR: Mac OS X
[INFO ] 2022-11-04 20:49:40.061 [main] Log - NORMALIZED STR: Mac OS X
[INFO ] 2022-11-04 20:49:40.061 [main] Log - NORMALIZED STR: Mac OS X
[INFO ] 2022-11-04 20:49:40.061 [main] Log - GOT PROPERTIES FILE >>
[INFO ] 2022-11-04 20:49:40.061 [main] Log - NORMALIZED STR: firefox
[INFO ] 2022-11-04 20:49:40.062 [main] Log - NORMALIZED STR: false
[INFO ] 2022-11-04 20:49:40.062 [main] Log - NORMALIZED STR: https://www.uniqlo.com/vn/en/
[INFO ] 2022-11-04 20:49:40.062 [main] Log - THE DESIGNATED BROWSER= firefox
[INFO ] 2022-11-04 20:49:46.174 [main] Log - TRIGGER BROWSER >>
[INFO ] 2022-11-04 20:49:46.453 [main] Log - FOUND SELECTOR= //input[@id= "searchInput"]
[INFO ] 2022-11-04 20:49:46.595 [main] Log - PRESSED ENTER >>
[INFO ] 2022-11-04 20:49:46.596 [main] Log - CONDUCTED SEARCH >>
[INFO ] 2022-11-04 20:50:21.050 [main] Log - NORMALIZED STR: Mac OS X
[INFO ] 2022-11-04 20:50:21.051 [main] Log - NORMALIZED STR: Mac OS X
[INFO ] 2022-11-04 20:50:21.051 [main] Log - NORMALIZED STR: Mac OS X
[INFO ] 2022-11-04 20:50:21.051 [main] Log - NORMALIZED STR: Mac OS X
[INFO ] 2022-11-04 20:50:21.052 [main] Log - GOT PROPERTIES FILE >>
[INFO ] 2022-11-04 20:50:21.052 [main] Log - NORMALIZED STR: firefox
[INFO ] 2022-11-04 20:50:21.052 [main] Log - NORMALIZED STR: false
[INFO ] 2022-11-04 20:50:21.052 [main] Log - NORMALIZED STR: https://www.uniqlo.com/vn/en/
[INFO ] 2022-11-04 20:50:21.052 [main] Log - THE DESIGNATED BROWSER= firefox
[INFO ] 2022-11-04 20:50:27.972 [main] Log - TRIGGER BROWSER >>
[INFO ] 2022-11-04 20:50:28.172 [main] Log - FOUND SELECTOR= //input[@id= "searchInput"]
[INFO ] 2022-11-04 20:50:28.311 [main] Log - PRESSED ENTER >>
[INFO ] 2022-11-04 20:50:28.311 [main] Log - CONDUCTED SEARCH >>
[INFO ] 2022-11-04 20:50:50.404 [main] Log - TOTAL PRODUCT= 3
[INFO ] 2022-11-04 20:50:50.421 [main] Log - PRODUCT NAME= Track Jacket
[INFO ] 2022-11-04 20:50:50.421 [main] Log - PRODUCT NAME= Pile Lined Sweat Track Jacket
[INFO ] 2022-11-04 20:50:50.421 [main] Log - PRODUCT NAME= Track Pants
[INFO ] 2022-11-04 20:50:50.430 [main] Log - DELETED ALL COOKIES >>
[WARN ] 2022-11-04 20:50:50.757 [main] Log - REPELLED BROWSER >>
[INFO ] 2022-11-04 21:09:58.415 [main] Log - NORMALIZED STR: Mac OS X
[INFO ] 2022-11-04 21:09:58.416 [main] Log - VERIFY IF mac os x CONTAINS win
[INFO ] 2022-11-04 21:09:58.417 [main] Log - VERIFY IF mac os x CONTAINS mac os x
[INFO ] 2022-11-04 21:09:58.417 [main] Log - NORMALIZED STR: Mac OS X
[INFO ] 2022-11-04 21:09:58.417 [main] Log - VERIFY IF mac os x CONTAINS win
[INFO ] 2022-11-04 21:09:58.417 [main] Log - VERIFY IF mac os x CONTAINS mac os x
[INFO ] 2022-11-04 21:09:58.417 [main] Log - NORMALIZED STR: Mac OS X
[INFO ] 2022-11-04 21:09:58.417 [main] Log - VERIFY IF mac os x CONTAINS win
[INFO ] 2022-11-04 21:09:58.417 [main] Log - VERIFY IF mac os x CONTAINS mac os x
[INFO ] 2022-11-04 21:09:58.417 [main] Log - NORMALIZED STR: Mac OS X
[INFO ] 2022-11-04 21:09:58.417 [main] Log - VERIFY IF mac os x CONTAINS win
[INFO ] 2022-11-04 21:09:58.417 [main] Log - VERIFY IF mac os x CONTAINS mac os x
[INFO ] 2022-11-04 21:09:58.417 [main] Log - GOT PROPERTIES FILE >>
[INFO ] 2022-11-04 21:09:58.418 [main] Log - NORMALIZED STR: firefox
[INFO ] 2022-11-04 21:09:58.418 [main] Log - NORMALIZED STR: false
[INFO ] 2022-11-04 21:09:58.418 [main] Log - NORMALIZED STR: https://www.uniqlo.com/vn/en/
[INFO ] 2022-11-04 21:09:58.418 [main] Log - THE DESIGNATED BROWSER= firefox
[INFO ] 2022-11-04 21:10:04.864 [main] Log - TRIGGER BROWSER >>
[INFO ] 2022-11-04 21:10:05.428 [main] Log - FOUND SELECTOR= //input[@id= "searchInput"]
[INFO ] 2022-11-04 21:10:05.634 [main] Log - PRESSED ENTER >>
[INFO ] 2022-11-04 21:10:05.635 [main] Log - CONDUCTED SEARCH >>
[INFO ] 2022-11-04 21:10:11.062 [main] Log - TOTAL PRODUCT= 3
[INFO ] 2022-11-04 21:10:11.075 [main] Log - PRODUCT NAME= Track Jacket
[INFO ] 2022-11-04 21:10:11.075 [main] Log - VERIFY IF Track Jacket CONTAINS track
[INFO ] 2022-11-04 21:10:11.075 [main] Log - PRODUCT NAME CONTAINED track
[INFO ] 2022-11-04 21:10:11.075 [main] Log - PRODUCT NAME= Pile Lined Sweat Track Jacket
[INFO ] 2022-11-04 21:10:11.075 [main] Log - VERIFY IF Pile Lined Sweat Track Jacket CONTAINS track
[INFO ] 2022-11-04 21:10:11.075 [main] Log - PRODUCT NAME CONTAINED track
[INFO ] 2022-11-04 21:10:11.075 [main] Log - PRODUCT NAME= Track Pants
[INFO ] 2022-11-04 21:10:11.075 [main] Log - VERIFY IF Track Pants CONTAINS track
[INFO ] 2022-11-04 21:10:11.075 [main] Log - PRODUCT NAME CONTAINED track
[INFO ] 2022-11-04 21:10:11.081 [main] Log - DELETED ALL COOKIES >>
[WARN ] 2022-11-04 21:10:11.412 [main] Log - REPELLED BROWSER >>
[INFO ] 2022-11-04 21:34:43.204 [main] Log - NORMALIZED STR: Mac OS X
[INFO ] 2022-11-04 21:34:43.205 [main] Log - VERIFY IF {mac os x} CONTAINS {win}
[INFO ] 2022-11-04 21:34:43.205 [main] Log - VERIFY IF {mac os x} CONTAINS {mac os x}
[INFO ] 2022-11-04 21:34:43.205 [main] Log - NORMALIZED STR: Mac OS X
[INFO ] 2022-11-04 21:34:43.205 [main] Log - VERIFY IF {mac os x} CONTAINS {win}
[INFO ] 2022-11-04 21:34:43.205 [main] Log - VERIFY IF {mac os x} CONTAINS {mac os x}
[INFO ] 2022-11-04 21:34:43.205 [main] Log - NORMALIZED STR: Mac OS X
[INFO ] 2022-11-04 21:34:43.205 [main] Log - VERIFY IF {mac os x} CONTAINS {win}
[INFO ] 2022-11-04 21:34:43.205 [main] Log - VERIFY IF {mac os x} CONTAINS {mac os x}
[INFO ] 2022-11-04 21:34:43.205 [main] Log - NORMALIZED STR: Mac OS X
[INFO ] 2022-11-04 21:34:43.205 [main] Log - VERIFY IF {mac os x} CONTAINS {win}
[INFO ] 2022-11-04 21:34:43.206 [main] Log - VERIFY IF {mac os x} CONTAINS {mac os x}
[INFO ] 2022-11-04 21:34:43.206 [main] Log - GOT PROPERTIES FILE >>
[INFO ] 2022-11-04 21:34:43.206 [main] Log - NORMALIZED STR: firefox
[INFO ] 2022-11-04 21:34:43.206 [main] Log - NORMALIZED STR: false
[INFO ] 2022-11-04 21:34:43.206 [main] Log - NORMALIZED STR: https://www.uniqlo.com/vn/en/
[INFO ] 2022-11-04 21:34:43.206 [main] Log - THE DESIGNATED BROWSER= firefox
[INFO ] 2022-11-04 21:34:51.055 [main] Log - TRIGGER BROWSER >>
[INFO ] 2022-11-04 21:34:51.263 [main] Log - FOUND SELECTOR= //input[@id= "searchInput"]
[INFO ] 2022-11-04 21:34:51.390 [main] Log - PRESSED ENTER >>
[INFO ] 2022-11-04 21:34:51.390 [main] Log - CONDUCTED SEARCH >>
[INFO ] 2022-11-04 21:34:51.951 [main] Log - VERIFY IF {track} CONTAINS {track}
[INFO ] 2022-11-04 21:34:51.951 [main] Log - SEARCH RESULT LABEL CONTAINED track
[INFO ] 2022-11-04 21:34:57.904 [main] Log - TOTAL PRODUCT= 3
[INFO ] 2022-11-04 21:34:57.915 [main] Log - PRODUCT NAME= Track Jacket
[INFO ] 2022-11-04 21:34:57.916 [main] Log - VERIFY IF {Track Jacket} CONTAINS {track}
[INFO ] 2022-11-04 21:34:57.916 [main] Log - PRODUCT NAME CONTAINED track
[INFO ] 2022-11-04 21:34:57.916 [main] Log - PRODUCT NAME= Pile Lined Sweat Track Jacket
[INFO ] 2022-11-04 21:34:57.916 [main] Log - VERIFY IF {Pile Lined Sweat Track Jacket} CONTAINS {track}
[INFO ] 2022-11-04 21:34:57.916 [main] Log - PRODUCT NAME CONTAINED track
[INFO ] 2022-11-04 21:34:57.916 [main] Log - PRODUCT NAME= Track Pants
[INFO ] 2022-11-04 21:34:57.916 [main] Log - VERIFY IF {Track Pants} CONTAINS {track}
[INFO ] 2022-11-04 21:34:57.916 [main] Log - PRODUCT NAME CONTAINED track
[INFO ] 2022-11-04 21:34:57.924 [main] Log - DELETED ALL COOKIES >>
[WARN ] 2022-11-04 21:34:58.263 [main] Log - REPELLED BROWSER >>
