[INFO ] 2022-11-03 19:16:23.746 [main] Log - NORMALIZED STR: Mac OS X
[INFO ] 2022-11-03 19:16:23.750 [main] Log - NORMALIZED STR: Mac OS X
[INFO ] 2022-11-03 19:16:23.750 [main] Log - NORMALIZED STR: Mac OS X
[INFO ] 2022-11-03 19:16:23.750 [main] Log - NORMALIZED STR: Mac OS X
[INFO ] 2022-11-03 19:16:23.750 [main] Log - GOT PROPERTIES FILE >>
[INFO ] 2022-11-03 19:16:23.750 [main] Log - NORMALIZED STR: firefox
[INFO ] 2022-11-03 19:16:23.750 [main] Log - NORMALIZED STR: false
[INFO ] 2022-11-03 19:16:23.750 [main] Log - NORMALIZED STR: https://www.uniqlo.com/vn/en/
[INFO ] 2022-11-03 19:16:23.750 [main] Log - THE DESIGNATED BROWSER= firefox
[INFO ] 2022-11-03 19:16:44.176 [main] Log - TRIGGER BROWSER >>
[INFO ] 2022-11-03 19:16:44.220 [main] Log - FOUND SELECTOR= //input[@id= "searchInput"]
[INFO ] 2022-11-03 19:16:44.348 [main] Log - PRESSED ENTER >>
[INFO ] 2022-11-03 19:16:44.348 [main] Log - CONDUCTED SEARCH >>
[INFO ] 2022-11-03 19:16:47.575 [main] Log - TOTAL PRODUCT= 4
[INFO ] 2022-11-03 19:16:47.586 [main] Log - PRODUCT NAME= Track Jacket
[INFO ] 2022-11-03 19:16:47.586 [main] Log - PRODUCT NAME= Pile Lined Sweat Track Jacket
[INFO ] 2022-11-03 19:16:47.586 [main] Log - PRODUCT NAME= Pile Lined Sweat Track Pants
[INFO ] 2022-11-03 19:16:47.586 [main] Log - PRODUCT NAME= Track Pants
[INFO ] 2022-11-03 19:16:47.594 [main] Log - DELETED ALL COOKIES >>
[WARN ] 2022-11-03 19:16:47.921 [main] Log - REPELLED BROWSER >>
[INFO ] 2022-11-03 19:16:56.987 [main] Log - NORMALIZED STR: Mac OS X
[INFO ] 2022-11-03 19:16:56.988 [main] Log - NORMALIZED STR: Mac OS X
[INFO ] 2022-11-03 19:16:56.988 [main] Log - NORMALIZED STR: Mac OS X
[INFO ] 2022-11-03 19:16:56.988 [main] Log - NORMALIZED STR: Mac OS X
[INFO ] 2022-11-03 19:16:56.988 [main] Log - GOT PROPERTIES FILE >>
[INFO ] 2022-11-03 19:16:56.989 [main] Log - NORMALIZED STR: firefox
[INFO ] 2022-11-03 19:16:56.989 [main] Log - NORMALIZED STR: false
[INFO ] 2022-11-03 19:16:56.989 [main] Log - NORMALIZED STR: https://www.uniqlo.com/vn/en/
[INFO ] 2022-11-03 19:16:56.989 [main] Log - THE DESIGNATED BROWSER= firefox
[INFO ] 2022-11-03 19:17:16.142 [main] Log - TRIGGER BROWSER >>
[INFO ] 2022-11-03 19:17:16.179 [main] Log - FOUND SELECTOR= //input[@id= "searchInput"]
[INFO ] 2022-11-03 19:17:16.288 [main] Log - PRESSED ENTER >>
[INFO ] 2022-11-03 19:17:16.288 [main] Log - CONDUCTED SEARCH >>
[INFO ] 2022-11-03 19:17:20.383 [main] Log - TOTAL PRODUCT= 4
[INFO ] 2022-11-03 19:17:20.398 [main] Log - PRODUCT NAME= Track Jacket
[INFO ] 2022-11-03 19:17:20.398 [main] Log - PRODUCT NAME= Pile Lined Sweat Track Jacket
[INFO ] 2022-11-03 19:17:20.398 [main] Log - PRODUCT NAME= Pile Lined Sweat Track Pants
[INFO ] 2022-11-03 19:17:20.398 [main] Log - PRODUCT NAME= Track Pants
[INFO ] 2022-11-03 19:17:20.405 [main] Log - DELETED ALL COOKIES >>
[WARN ] 2022-11-03 19:17:20.740 [main] Log - REPELLED BROWSER >>
[INFO ] 2022-11-03 19:26:07.007 [main] Log - NORMALIZED STR: Mac OS X
[INFO ] 2022-11-03 19:26:07.008 [main] Log - NORMALIZED STR: Mac OS X
[INFO ] 2022-11-03 19:26:07.009 [main] Log - NORMALIZED STR: Mac OS X
[INFO ] 2022-11-03 19:26:07.009 [main] Log - NORMALIZED STR: Mac OS X
[INFO ] 2022-11-03 19:26:07.009 [main] Log - GOT PROPERTIES FILE >>
[INFO ] 2022-11-03 19:26:07.009 [main] Log - NORMALIZED STR: firefox
[INFO ] 2022-11-03 19:26:07.009 [main] Log - NORMALIZED STR: false
[INFO ] 2022-11-03 19:26:07.009 [main] Log - NORMALIZED STR: https://www.uniqlo.com/vn/en/
[INFO ] 2022-11-03 19:26:07.009 [main] Log - THE DESIGNATED BROWSER= firefox
[INFO ] 2022-11-03 19:26:27.596 [main] Log - TRIGGER BROWSER >>
[INFO ] 2022-11-03 19:26:27.635 [main] Log - FOUND SELECTOR= //input[@id= "searchInput"]
[INFO ] 2022-11-03 19:26:27.762 [main] Log - PRESSED ENTER >>
[INFO ] 2022-11-03 19:26:27.762 [main] Log - CONDUCTED SEARCH >>
[INFO ] 2022-11-03 19:26:31.252 [main] Log - TOTAL PRODUCT= 4
[INFO ] 2022-11-03 19:26:31.256 [main] Log - PRODUCT NAME= Track Jacket
[INFO ] 2022-11-03 19:26:31.256 [main] Log - PRODUCT NAME= Pile Lined Sweat Track Jacket
[INFO ] 2022-11-03 19:26:31.256 [main] Log - PRODUCT NAME= Pile Lined Sweat Track Pants
[INFO ] 2022-11-03 19:26:31.256 [main] Log - PRODUCT NAME= Track Pants
[INFO ] 2022-11-03 19:26:31.260 [main] Log - DELETED ALL COOKIES >>
[WARN ] 2022-11-03 19:26:31.583 [main] Log - REPELLED BROWSER >>
