[INFO ] 2022-10-30 19:19:41.182 [main] Log - NORMALIZED STR: Mac OS X
[INFO ] 2022-10-30 19:19:41.184 [main] Log - NORMALIZED STR: Mac OS X
[INFO ] 2022-10-30 19:19:41.184 [main] Log - NORMALIZED STR: Mac OS X
[INFO ] 2022-10-30 19:19:41.184 [main] Log - NORMALIZED STR: Mac OS X
[INFO ] 2022-10-30 19:19:41.184 [main] Log - GOT PROPERTIES FILE >>
[INFO ] 2022-10-30 19:19:41.184 [main] Log - NORMALIZED STR: firefox
[INFO ] 2022-10-30 19:19:41.184 [main] Log - NORMALIZED STR: false
[INFO ] 2022-10-30 19:19:41.184 [main] Log - NORMALIZED STR: https://www.uniqlo.com/vn/en/
[INFO ] 2022-10-30 19:19:41.184 [main] Log - THE DESIGNATED BROWSER= firefox
[INFO ] 2022-10-30 19:19:48.189 [main] Log - TRIGGER BROWSER >>
[INFO ] 2022-10-30 19:19:48.962 [main] Log - FOUND SELECTOR= //input[@id= "searchInput"]
[INFO ] 2022-10-30 19:19:49.310 [main] Log - PRESSED ENTER >>
[INFO ] 2022-10-30 19:19:49.311 [main] Log - CONDUCTED SEARCH >>
[INFO ] 2022-10-30 19:22:05.529 [main] Log - NORMALIZED STR: Mac OS X
[INFO ] 2022-10-30 19:22:05.530 [main] Log - NORMALIZED STR: Mac OS X
[INFO ] 2022-10-30 19:22:05.530 [main] Log - NORMALIZED STR: Mac OS X
[INFO ] 2022-10-30 19:22:05.531 [main] Log - NORMALIZED STR: Mac OS X
[INFO ] 2022-10-30 19:22:05.531 [main] Log - GOT PROPERTIES FILE >>
[INFO ] 2022-10-30 19:22:05.531 [main] Log - NORMALIZED STR: firefox
[INFO ] 2022-10-30 19:22:05.531 [main] Log - NORMALIZED STR: false
[INFO ] 2022-10-30 19:22:05.531 [main] Log - NORMALIZED STR: https://www.uniqlo.com/vn/en/
[INFO ] 2022-10-30 19:22:05.531 [main] Log - THE DESIGNATED BROWSER= firefox
[INFO ] 2022-10-30 19:22:13.730 [main] Log - TRIGGER BROWSER >>
[INFO ] 2022-10-30 19:22:14.014 [main] Log - FOUND SELECTOR= //input[@id= "searchInput"]
[INFO ] 2022-10-30 19:22:14.207 [main] Log - PRESSED ENTER >>
[INFO ] 2022-10-30 19:22:14.208 [main] Log - CONDUCTED SEARCH >>
[INFO ] 2022-10-30 19:22:14.210 [main] Log - Locator@//div[contains(@class, "fr-product-grid row")][//div[@id and contains(@class, "fr-product-card default")]]
[INFO ] 2022-10-30 19:22:18.244 [main] Log - DELETED ALL COOKIES >>
[WARN ] 2022-10-30 19:22:18.595 [main] Log - REPELLED BROWSER >>
[INFO ] 2022-10-30 19:48:00.573 [main] Log - NORMALIZED STR: Mac OS X
[INFO ] 2022-10-30 19:48:00.574 [main] Log - NORMALIZED STR: Mac OS X
[INFO ] 2022-10-30 19:48:00.574 [main] Log - NORMALIZED STR: Mac OS X
[INFO ] 2022-10-30 19:48:00.575 [main] Log - NORMALIZED STR: Mac OS X
[INFO ] 2022-10-30 19:48:00.575 [main] Log - GOT PROPERTIES FILE >>
[INFO ] 2022-10-30 19:48:00.575 [main] Log - NORMALIZED STR: firefox
[INFO ] 2022-10-30 19:48:00.575 [main] Log - NORMALIZED STR: false
[INFO ] 2022-10-30 19:48:00.575 [main] Log - NORMALIZED STR: https://www.uniqlo.com/vn/en/
[INFO ] 2022-10-30 19:48:00.575 [main] Log - THE DESIGNATED BROWSER= firefox
[INFO ] 2022-10-30 19:48:07.595 [main] Log - TRIGGER BROWSER >>
[INFO ] 2022-10-30 19:48:08.372 [main] Log - FOUND SELECTOR= //input[@id= "searchInput"]
[INFO ] 2022-10-30 19:48:08.655 [main] Log - PRESSED ENTER >>
[INFO ] 2022-10-30 19:48:08.655 [main] Log - CONDUCTED SEARCH >>
[INFO ] 2022-10-30 19:48:08.660 [main] Log - Locator@//div[@id and contains(@class, "fr-product-card default")]//h2
[INFO ] 2022-10-30 19:48:10.181 [main] Log - DELETED ALL COOKIES >>
[WARN ] 2022-10-30 19:48:10.506 [main] Log - REPELLED BROWSER >>
[INFO ] 2022-10-30 19:48:37.324 [main] Log - NORMALIZED STR: Mac OS X
[INFO ] 2022-10-30 19:48:37.325 [main] Log - NORMALIZED STR: Mac OS X
[INFO ] 2022-10-30 19:48:37.325 [main] Log - NORMALIZED STR: Mac OS X
[INFO ] 2022-10-30 19:48:37.325 [main] Log - NORMALIZED STR: Mac OS X
[INFO ] 2022-10-30 19:48:37.326 [main] Log - GOT PROPERTIES FILE >>
[INFO ] 2022-10-30 19:48:37.326 [main] Log - NORMALIZED STR: firefox
[INFO ] 2022-10-30 19:48:37.326 [main] Log - NORMALIZED STR: false
[INFO ] 2022-10-30 19:48:37.326 [main] Log - NORMALIZED STR: https://www.uniqlo.com/vn/en/
[INFO ] 2022-10-30 19:48:37.326 [main] Log - THE DESIGNATED BROWSER= firefox
[INFO ] 2022-10-30 19:48:43.445 [main] Log - TRIGGER BROWSER >>
[INFO ] 2022-10-30 19:48:44.096 [main] Log - FOUND SELECTOR= //input[@id= "searchInput"]
[INFO ] 2022-10-30 19:48:44.387 [main] Log - PRESSED ENTER >>
[INFO ] 2022-10-30 19:48:44.387 [main] Log - CONDUCTED SEARCH >>
[INFO ] 2022-10-30 19:48:44.403 [main] Log - 0
[INFO ] 2022-10-30 19:48:45.932 [main] Log - DELETED ALL COOKIES >>
[WARN ] 2022-10-30 19:48:46.794 [main] Log - REPELLED BROWSER >>
[INFO ] 2022-10-30 19:50:09.072 [main] Log - NORMALIZED STR: Mac OS X
[INFO ] 2022-10-30 19:50:09.073 [main] Log - NORMALIZED STR: Mac OS X
[INFO ] 2022-10-30 19:50:09.073 [main] Log - NORMALIZED STR: Mac OS X
[INFO ] 2022-10-30 19:50:09.073 [main] Log - NORMALIZED STR: Mac OS X
[INFO ] 2022-10-30 19:50:09.073 [main] Log - GOT PROPERTIES FILE >>
[INFO ] 2022-10-30 19:50:09.073 [main] Log - NORMALIZED STR: firefox
[INFO ] 2022-10-30 19:50:09.073 [main] Log - NORMALIZED STR: false
[INFO ] 2022-10-30 19:50:09.074 [main] Log - NORMALIZED STR: https://www.uniqlo.com/vn/en/
[INFO ] 2022-10-30 19:50:09.074 [main] Log - THE DESIGNATED BROWSER= firefox
[INFO ] 2022-10-30 19:50:15.419 [main] Log - TRIGGER BROWSER >>
[INFO ] 2022-10-30 19:50:16.153 [main] Log - FOUND SELECTOR= //input[@id= "searchInput"]
[INFO ] 2022-10-30 19:50:16.466 [main] Log - PRESSED ENTER >>
[INFO ] 2022-10-30 19:50:16.466 [main] Log - CONDUCTED SEARCH >>
[INFO ] 2022-10-30 19:50:16.482 [main] Log - []
[INFO ] 2022-10-30 19:50:17.999 [main] Log - DELETED ALL COOKIES >>
[WARN ] 2022-10-30 19:50:18.391 [main] Log - REPELLED BROWSER >>
[INFO ] 2022-10-30 19:50:44.851 [main] Log - NORMALIZED STR: Mac OS X
[INFO ] 2022-10-30 19:50:44.852 [main] Log - NORMALIZED STR: Mac OS X
[INFO ] 2022-10-30 19:50:44.852 [main] Log - NORMALIZED STR: Mac OS X
[INFO ] 2022-10-30 19:50:44.852 [main] Log - NORMALIZED STR: Mac OS X
[INFO ] 2022-10-30 19:50:44.852 [main] Log - GOT PROPERTIES FILE >>
[INFO ] 2022-10-30 19:50:44.852 [main] Log - NORMALIZED STR: firefox
[INFO ] 2022-10-30 19:50:44.853 [main] Log - NORMALIZED STR: false
[INFO ] 2022-10-30 19:50:44.853 [main] Log - NORMALIZED STR: https://www.uniqlo.com/vn/en/
[INFO ] 2022-10-30 19:50:44.853 [main] Log - THE DESIGNATED BROWSER= firefox
[INFO ] 2022-10-30 19:50:51.924 [main] Log - TRIGGER BROWSER >>
[INFO ] 2022-10-30 19:50:52.571 [main] Log - FOUND SELECTOR= //input[@id= "searchInput"]
[INFO ] 2022-10-30 19:50:52.828 [main] Log - PRESSED ENTER >>
[INFO ] 2022-10-30 19:50:52.828 [main] Log - CONDUCTED SEARCH >>
[INFO ] 2022-10-30 20:00:41.804 [main] Log - NORMALIZED STR: Mac OS X
[INFO ] 2022-10-30 20:00:41.806 [main] Log - NORMALIZED STR: Mac OS X
[INFO ] 2022-10-30 20:00:41.806 [main] Log - NORMALIZED STR: Mac OS X
[INFO ] 2022-10-30 20:00:41.806 [main] Log - NORMALIZED STR: Mac OS X
[INFO ] 2022-10-30 20:00:41.806 [main] Log - GOT PROPERTIES FILE >>
[INFO ] 2022-10-30 20:00:41.806 [main] Log - NORMALIZED STR: firefox
[INFO ] 2022-10-30 20:00:41.806 [main] Log - NORMALIZED STR: false
[INFO ] 2022-10-30 20:00:41.806 [main] Log - NORMALIZED STR: https://www.uniqlo.com/vn/en/
[INFO ] 2022-10-30 20:00:41.806 [main] Log - THE DESIGNATED BROWSER= firefox
[INFO ] 2022-10-30 20:00:48.771 [main] Log - TRIGGER BROWSER >>
[INFO ] 2022-10-30 20:00:49.719 [main] Log - FOUND SELECTOR= //input[@id= "searchInput"]
[INFO ] 2022-10-30 20:00:50.027 [main] Log - PRESSED ENTER >>
[INFO ] 2022-10-30 20:00:50.027 [main] Log - CONDUCTED SEARCH >>
[INFO ] 2022-10-30 20:00:50.035 [main] Log - 0
[INFO ] 2022-10-30 20:00:51.550 [main] Log - DELETED ALL COOKIES >>
[WARN ] 2022-10-30 20:00:51.917 [main] Log - REPELLED BROWSER >>
[INFO ] 2022-10-30 20:02:25.123 [main] Log - NORMALIZED STR: Mac OS X
[INFO ] 2022-10-30 20:02:25.125 [main] Log - NORMALIZED STR: Mac OS X
[INFO ] 2022-10-30 20:02:25.125 [main] Log - NORMALIZED STR: Mac OS X
[INFO ] 2022-10-30 20:02:25.125 [main] Log - NORMALIZED STR: Mac OS X
[INFO ] 2022-10-30 20:02:25.125 [main] Log - GOT PROPERTIES FILE >>
[INFO ] 2022-10-30 20:02:25.125 [main] Log - NORMALIZED STR: firefox
[INFO ] 2022-10-30 20:02:25.125 [main] Log - NORMALIZED STR: false
[INFO ] 2022-10-30 20:02:25.125 [main] Log - NORMALIZED STR: https://www.uniqlo.com/vn/en/
[INFO ] 2022-10-30 20:02:25.125 [main] Log - THE DESIGNATED BROWSER= firefox
[INFO ] 2022-10-30 20:02:31.954 [main] Log - TRIGGER BROWSER >>
[INFO ] 2022-10-30 20:02:32.669 [main] Log - FOUND SELECTOR= //input[@id= "searchInput"]
[INFO ] 2022-10-30 20:02:33.001 [main] Log - PRESSED ENTER >>
[INFO ] 2022-10-30 20:02:33.001 [main] Log - CONDUCTED SEARCH >>
[INFO ] 2022-10-30 20:02:33.015 [main] Log - 0
[INFO ] 2022-10-30 20:02:34.530 [main] Log - DELETED ALL COOKIES >>
[WARN ] 2022-10-30 20:02:34.855 [main] Log - REPELLED BROWSER >>
[INFO ] 2022-10-30 20:03:01.959 [main] Log - NORMALIZED STR: Mac OS X
[INFO ] 2022-10-30 20:03:01.960 [main] Log - NORMALIZED STR: Mac OS X
[INFO ] 2022-10-30 20:03:01.960 [main] Log - NORMALIZED STR: Mac OS X
[INFO ] 2022-10-30 20:03:01.960 [main] Log - NORMALIZED STR: Mac OS X
[INFO ] 2022-10-30 20:03:01.960 [main] Log - GOT PROPERTIES FILE >>
[INFO ] 2022-10-30 20:03:01.961 [main] Log - NORMALIZED STR: firefox
[INFO ] 2022-10-30 20:03:01.961 [main] Log - NORMALIZED STR: false
[INFO ] 2022-10-30 20:03:01.961 [main] Log - NORMALIZED STR: https://www.uniqlo.com/vn/en/
[INFO ] 2022-10-30 20:03:01.961 [main] Log - THE DESIGNATED BROWSER= firefox
[INFO ] 2022-10-30 20:03:08.835 [main] Log - TRIGGER BROWSER >>
[INFO ] 2022-10-30 20:03:09.659 [main] Log - FOUND SELECTOR= //input[@id= "searchInput"]
[INFO ] 2022-10-30 20:03:09.954 [main] Log - PRESSED ENTER >>
[INFO ] 2022-10-30 20:03:09.954 [main] Log - CONDUCTED SEARCH >>
[INFO ] 2022-10-30 20:03:09.972 [main] Log - 4
[INFO ] 2022-10-30 20:03:10.287 [main] Log - DELETED ALL COOKIES >>
[WARN ] 2022-10-30 20:03:10.842 [main] Log - REPELLED BROWSER >>
[INFO ] 2022-10-30 20:04:22.556 [main] Log - NORMALIZED STR: Mac OS X
[INFO ] 2022-10-30 20:04:22.557 [main] Log - NORMALIZED STR: Mac OS X
[INFO ] 2022-10-30 20:04:22.557 [main] Log - NORMALIZED STR: Mac OS X
[INFO ] 2022-10-30 20:04:22.557 [main] Log - NORMALIZED STR: Mac OS X
[INFO ] 2022-10-30 20:04:22.557 [main] Log - GOT PROPERTIES FILE >>
[INFO ] 2022-10-30 20:04:22.557 [main] Log - NORMALIZED STR: firefox
[INFO ] 2022-10-30 20:04:22.557 [main] Log - NORMALIZED STR: false
[INFO ] 2022-10-30 20:04:22.558 [main] Log - NORMALIZED STR: https://www.uniqlo.com/vn/en/
[INFO ] 2022-10-30 20:04:22.558 [main] Log - THE DESIGNATED BROWSER= firefox
[INFO ] 2022-10-30 20:04:29.221 [main] Log - TRIGGER BROWSER >>
[INFO ] 2022-10-30 20:04:29.757 [main] Log - FOUND SELECTOR= //input[@id= "searchInput"]
[INFO ] 2022-10-30 20:04:30.064 [main] Log - PRESSED ENTER >>
[INFO ] 2022-10-30 20:04:30.064 [main] Log - CONDUCTED SEARCH >>
[INFO ] 2022-10-30 20:04:30.071 [main] Log - 4
[INFO ] 2022-10-30 20:04:30.321 [main] Log - DELETED ALL COOKIES >>
[WARN ] 2022-10-30 20:04:31.078 [main] Log - REPELLED BROWSER >>
[INFO ] 2022-10-30 20:05:47.042 [main] Log - NORMALIZED STR: Mac OS X
[INFO ] 2022-10-30 20:05:47.045 [main] Log - NORMALIZED STR: Mac OS X
[INFO ] 2022-10-30 20:05:47.045 [main] Log - NORMALIZED STR: Mac OS X
[INFO ] 2022-10-30 20:05:47.045 [main] Log - NORMALIZED STR: Mac OS X
[INFO ] 2022-10-30 20:05:47.046 [main] Log - GOT PROPERTIES FILE >>
[INFO ] 2022-10-30 20:05:47.046 [main] Log - NORMALIZED STR: firefox
[INFO ] 2022-10-30 20:05:47.046 [main] Log - NORMALIZED STR: false
[INFO ] 2022-10-30 20:05:47.046 [main] Log - NORMALIZED STR: https://www.uniqlo.com/vn/en/
[INFO ] 2022-10-30 20:05:47.046 [main] Log - THE DESIGNATED BROWSER= firefox
[INFO ] 2022-10-30 20:05:53.731 [main] Log - TRIGGER BROWSER >>
[INFO ] 2022-10-30 20:05:54.593 [main] Log - FOUND SELECTOR= //input[@id= "searchInput"]
[INFO ] 2022-10-30 20:05:54.957 [main] Log - PRESSED ENTER >>
[INFO ] 2022-10-30 20:05:54.957 [main] Log - CONDUCTED SEARCH >>
[INFO ] 2022-10-30 20:05:54.973 [main] Log - 4
[INFO ] 2022-10-30 20:05:55.200 [main] Log - DELETED ALL COOKIES >>
[WARN ] 2022-10-30 20:05:55.570 [main] Log - REPELLED BROWSER >>
[INFO ] 2022-10-30 20:07:43.164 [main] Log - NORMALIZED STR: Mac OS X
[INFO ] 2022-10-30 20:07:43.166 [main] Log - NORMALIZED STR: Mac OS X
[INFO ] 2022-10-30 20:07:43.166 [main] Log - NORMALIZED STR: Mac OS X
[INFO ] 2022-10-30 20:07:43.166 [main] Log - NORMALIZED STR: Mac OS X
[INFO ] 2022-10-30 20:07:43.166 [main] Log - GOT PROPERTIES FILE >>
[INFO ] 2022-10-30 20:07:43.166 [main] Log - NORMALIZED STR: firefox
[INFO ] 2022-10-30 20:07:43.166 [main] Log - NORMALIZED STR: false
[INFO ] 2022-10-30 20:07:43.167 [main] Log - NORMALIZED STR: https://www.uniqlo.com/vn/en/
[INFO ] 2022-10-30 20:07:43.167 [main] Log - THE DESIGNATED BROWSER= firefox
[INFO ] 2022-10-30 20:07:50.769 [main] Log - TRIGGER BROWSER >>
[INFO ] 2022-10-30 20:07:51.545 [main] Log - FOUND SELECTOR= //input[@id= "searchInput"]
[INFO ] 2022-10-30 20:07:51.795 [main] Log - PRESSED ENTER >>
[INFO ] 2022-10-30 20:07:51.795 [main] Log - CONDUCTED SEARCH >>
[INFO ] 2022-10-30 20:07:51.803 [main] Log - 0
[INFO ] 2022-10-30 20:07:52.040 [main] Log - DELETED ALL COOKIES >>
[WARN ] 2022-10-30 20:07:52.363 [main] Log - REPELLED BROWSER >>
[INFO ] 2022-10-30 20:08:52.042 [main] Log - NORMALIZED STR: Mac OS X
[INFO ] 2022-10-30 20:08:52.045 [main] Log - NORMALIZED STR: Mac OS X
[INFO ] 2022-10-30 20:08:52.045 [main] Log - NORMALIZED STR: Mac OS X
[INFO ] 2022-10-30 20:08:52.045 [main] Log - NORMALIZED STR: Mac OS X
[INFO ] 2022-10-30 20:08:52.045 [main] Log - GOT PROPERTIES FILE >>
[INFO ] 2022-10-30 20:08:52.045 [main] Log - NORMALIZED STR: chrome
[INFO ] 2022-10-30 20:08:52.045 [main] Log - NORMALIZED STR: false
[INFO ] 2022-10-30 20:08:52.045 [main] Log - NORMALIZED STR: https://www.uniqlo.com/vn/en/
[INFO ] 2022-10-30 20:08:52.045 [main] Log - THE DESIGNATED BROWSER= chrome
[INFO ] 2022-10-30 20:10:02.226 [main] Log - NORMALIZED STR: Mac OS X
[INFO ] 2022-10-30 20:10:02.228 [main] Log - NORMALIZED STR: Mac OS X
[INFO ] 2022-10-30 20:10:02.228 [main] Log - NORMALIZED STR: Mac OS X
[INFO ] 2022-10-30 20:10:02.228 [main] Log - NORMALIZED STR: Mac OS X
[INFO ] 2022-10-30 20:10:02.228 [main] Log - GOT PROPERTIES FILE >>
[INFO ] 2022-10-30 20:10:02.228 [main] Log - NORMALIZED STR: chrome
[INFO ] 2022-10-30 20:10:02.229 [main] Log - NORMALIZED STR: false
[INFO ] 2022-10-30 20:10:02.229 [main] Log - NORMALIZED STR: https://www.uniqlo.com/vn/en/
[INFO ] 2022-10-30 20:10:02.229 [main] Log - THE DESIGNATED BROWSER= chrome
[INFO ] 2022-10-30 20:11:23.172 [main] Log - NORMALIZED STR: Mac OS X
[INFO ] 2022-10-30 20:11:23.174 [main] Log - NORMALIZED STR: Mac OS X
[INFO ] 2022-10-30 20:11:23.174 [main] Log - NORMALIZED STR: Mac OS X
[INFO ] 2022-10-30 20:11:23.174 [main] Log - NORMALIZED STR: Mac OS X
[INFO ] 2022-10-30 20:11:23.174 [main] Log - GOT PROPERTIES FILE >>
[INFO ] 2022-10-30 20:11:23.174 [main] Log - NORMALIZED STR: safari
[INFO ] 2022-10-30 20:11:23.174 [main] Log - NORMALIZED STR: false
[INFO ] 2022-10-30 20:11:23.174 [main] Log - NORMALIZED STR: https://www.uniqlo.com/vn/en/
[INFO ] 2022-10-30 20:11:23.174 [main] Log - THE DESIGNATED BROWSER= safari
[INFO ] 2022-10-30 20:11:41.226 [main] Log - NORMALIZED STR: Mac OS X
[INFO ] 2022-10-30 20:11:41.227 [main] Log - NORMALIZED STR: Mac OS X
[INFO ] 2022-10-30 20:11:41.227 [main] Log - NORMALIZED STR: Mac OS X
[INFO ] 2022-10-30 20:11:41.227 [main] Log - NORMALIZED STR: Mac OS X
[INFO ] 2022-10-30 20:11:41.227 [main] Log - GOT PROPERTIES FILE >>
[INFO ] 2022-10-30 20:11:41.227 [main] Log - NORMALIZED STR: firefox
[INFO ] 2022-10-30 20:11:41.227 [main] Log - NORMALIZED STR: false
[INFO ] 2022-10-30 20:11:41.227 [main] Log - NORMALIZED STR: https://www.uniqlo.com/vn/en/
[INFO ] 2022-10-30 20:11:41.227 [main] Log - THE DESIGNATED BROWSER= firefox
[INFO ] 2022-10-30 20:12:16.523 [main] Log - NORMALIZED STR: Mac OS X
[INFO ] 2022-10-30 20:12:16.525 [main] Log - NORMALIZED STR: Mac OS X
[INFO ] 2022-10-30 20:12:16.525 [main] Log - NORMALIZED STR: Mac OS X
[INFO ] 2022-10-30 20:12:16.525 [main] Log - NORMALIZED STR: Mac OS X
[INFO ] 2022-10-30 20:12:16.525 [main] Log - GOT PROPERTIES FILE >>
[INFO ] 2022-10-30 20:12:16.525 [main] Log - NORMALIZED STR: chrome
[INFO ] 2022-10-30 20:12:16.525 [main] Log - NORMALIZED STR: false
[INFO ] 2022-10-30 20:12:16.525 [main] Log - NORMALIZED STR: https://www.uniqlo.com/vn/en/
[INFO ] 2022-10-30 20:12:16.525 [main] Log - THE DESIGNATED BROWSER= chrome
[INFO ] 2022-10-30 20:12:40.759 [main] Log - TRIGGER BROWSER >>
[INFO ] 2022-10-30 20:12:41.310 [main] Log - FOUND SELECTOR= //input[@id= "searchInput"]
[INFO ] 2022-10-30 20:12:42.450 [main] Log - PRESSED ENTER >>
[INFO ] 2022-10-30 20:12:42.450 [main] Log - CONDUCTED SEARCH >>
[INFO ] 2022-10-30 20:12:42.498 [main] Log - 0
[INFO ] 2022-10-30 20:12:42.731 [main] Log - DELETED ALL COOKIES >>
[WARN ] 2022-10-30 20:12:43.087 [main] Log - REPELLED BROWSER >>
[INFO ] 2022-10-30 20:14:54.886 [main] Log - NORMALIZED STR: Mac OS X
[INFO ] 2022-10-30 20:14:54.888 [main] Log - NORMALIZED STR: Mac OS X
[INFO ] 2022-10-30 20:14:54.888 [main] Log - NORMALIZED STR: Mac OS X
[INFO ] 2022-10-30 20:14:54.888 [main] Log - NORMALIZED STR: Mac OS X
[INFO ] 2022-10-30 20:14:54.888 [main] Log - GOT PROPERTIES FILE >>
[INFO ] 2022-10-30 20:14:54.888 [main] Log - NORMALIZED STR: chrome
[INFO ] 2022-10-30 20:14:54.888 [main] Log - NORMALIZED STR: false
[INFO ] 2022-10-30 20:14:54.888 [main] Log - NORMALIZED STR: https://www.uniqlo.com/vn/en/
[INFO ] 2022-10-30 20:14:54.889 [main] Log - THE DESIGNATED BROWSER= chrome
[INFO ] 2022-10-30 20:15:17.853 [main] Log - TRIGGER BROWSER >>
[INFO ] 2022-10-30 20:15:18.319 [main] Log - FOUND SELECTOR= //input[@id= "searchInput"]
[INFO ] 2022-10-30 20:15:19.438 [main] Log - PRESSED ENTER >>
[INFO ] 2022-10-30 20:15:19.438 [main] Log - CONDUCTED SEARCH >>
[INFO ] 2022-10-30 20:15:19.468 [main] Log - 0
[INFO ] 2022-10-30 20:15:19.682 [main] Log - DELETED ALL COOKIES >>
[WARN ] 2022-10-30 20:15:20.023 [main] Log - REPELLED BROWSER >>
[INFO ] 2022-10-30 20:20:28.179 [main] Log - NORMALIZED STR: Mac OS X
[INFO ] 2022-10-30 20:20:28.180 [main] Log - NORMALIZED STR: Mac OS X
[INFO ] 2022-10-30 20:20:28.180 [main] Log - NORMALIZED STR: Mac OS X
[INFO ] 2022-10-30 20:20:28.180 [main] Log - NORMALIZED STR: Mac OS X
[INFO ] 2022-10-30 20:20:28.180 [main] Log - GOT PROPERTIES FILE >>
[INFO ] 2022-10-30 20:20:28.181 [main] Log - NORMALIZED STR: chrome
[INFO ] 2022-10-30 20:20:28.181 [main] Log - NORMALIZED STR: false
[INFO ] 2022-10-30 20:20:28.181 [main] Log - NORMALIZED STR: https://www.uniqlo.com/vn/en/
[INFO ] 2022-10-30 20:20:28.181 [main] Log - THE DESIGNATED BROWSER= chrome
[INFO ] 2022-10-30 20:20:53.213 [main] Log - TRIGGER BROWSER >>
[INFO ] 2022-10-30 20:20:53.824 [main] Log - FOUND SELECTOR= //input[@id= "searchInput"]
[INFO ] 2022-10-30 20:20:54.955 [main] Log - PRESSED ENTER >>
[INFO ] 2022-10-30 20:20:54.955 [main] Log - CONDUCTED SEARCH >>
[INFO ] 2022-10-30 20:20:54.999 [main] Log - 0
[INFO ] 2022-10-30 20:20:55.397 [main] Log - DELETED ALL COOKIES >>
[WARN ] 2022-10-30 20:20:55.699 [main] Log - REPELLED BROWSER >>
[INFO ] 2022-10-30 20:22:49.143 [main] Log - NORMALIZED STR: Mac OS X
[INFO ] 2022-10-30 20:22:49.144 [main] Log - NORMALIZED STR: Mac OS X
[INFO ] 2022-10-30 20:22:49.144 [main] Log - NORMALIZED STR: Mac OS X
[INFO ] 2022-10-30 20:22:49.144 [main] Log - NORMALIZED STR: Mac OS X
[INFO ] 2022-10-30 20:22:49.145 [main] Log - GOT PROPERTIES FILE >>
[INFO ] 2022-10-30 20:22:49.145 [main] Log - NORMALIZED STR: chrome
[INFO ] 2022-10-30 20:22:49.145 [main] Log - NORMALIZED STR: false
[INFO ] 2022-10-30 20:22:49.145 [main] Log - NORMALIZED STR: https://www.uniqlo.com/vn/en/
[INFO ] 2022-10-30 20:22:49.145 [main] Log - THE DESIGNATED BROWSER= chrome
[INFO ] 2022-10-30 20:23:12.401 [main] Log - TRIGGER BROWSER >>
[INFO ] 2022-10-30 20:23:12.994 [main] Log - FOUND SELECTOR= //input[@id= "searchInput"]
[INFO ] 2022-10-30 20:23:14.050 [main] Log - PRESSED ENTER >>
[INFO ] 2022-10-30 20:23:14.050 [main] Log - CONDUCTED SEARCH >>
[INFO ] 2022-10-30 20:23:14.085 [main] Log - 0
[INFO ] 2022-10-30 20:23:14.358 [main] Log - DELETED ALL COOKIES >>
[WARN ] 2022-10-30 20:23:14.749 [main] Log - REPELLED BROWSER >>
[INFO ] 2022-10-30 20:23:44.089 [main] Log - NORMALIZED STR: Mac OS X
[INFO ] 2022-10-30 20:23:44.090 [main] Log - NORMALIZED STR: Mac OS X
[INFO ] 2022-10-30 20:23:44.090 [main] Log - NORMALIZED STR: Mac OS X
[INFO ] 2022-10-30 20:23:44.090 [main] Log - NORMALIZED STR: Mac OS X
[INFO ] 2022-10-30 20:23:44.090 [main] Log - GOT PROPERTIES FILE >>
[INFO ] 2022-10-30 20:23:44.091 [main] Log - NORMALIZED STR: chrome
[INFO ] 2022-10-30 20:23:44.091 [main] Log - NORMALIZED STR: false
[INFO ] 2022-10-30 20:23:44.091 [main] Log - NORMALIZED STR: https://www.uniqlo.com/vn/en/
[INFO ] 2022-10-30 20:23:44.091 [main] Log - THE DESIGNATED BROWSER= chrome
[INFO ] 2022-10-30 20:24:07.280 [main] Log - TRIGGER BROWSER >>
[INFO ] 2022-10-30 20:24:07.849 [main] Log - FOUND SELECTOR= //input[@id= "searchInput"]
[INFO ] 2022-10-30 20:24:08.874 [main] Log - PRESSED ENTER >>
[INFO ] 2022-10-30 20:24:08.874 [main] Log - CONDUCTED SEARCH >>
[INFO ] 2022-10-30 20:24:08.900 [main] Log - 0
[INFO ] 2022-10-30 20:24:13.178 [main] Log - DELETED ALL COOKIES >>
[WARN ] 2022-10-30 20:24:13.498 [main] Log - REPELLED BROWSER >>
[INFO ] 2022-10-30 20:26:12.054 [main] Log - NORMALIZED STR: Mac OS X
[INFO ] 2022-10-30 20:26:12.055 [main] Log - NORMALIZED STR: Mac OS X
[INFO ] 2022-10-30 20:26:12.055 [main] Log - NORMALIZED STR: Mac OS X
[INFO ] 2022-10-30 20:26:12.056 [main] Log - NORMALIZED STR: Mac OS X
[INFO ] 2022-10-30 20:26:12.056 [main] Log - GOT PROPERTIES FILE >>
[INFO ] 2022-10-30 20:26:12.056 [main] Log - NORMALIZED STR: chrome
[INFO ] 2022-10-30 20:26:12.056 [main] Log - NORMALIZED STR: false
[INFO ] 2022-10-30 20:26:12.056 [main] Log - NORMALIZED STR: https://www.uniqlo.com/vn/en/
[INFO ] 2022-10-30 20:26:12.056 [main] Log - THE DESIGNATED BROWSER= chrome
[INFO ] 2022-10-30 20:26:36.733 [main] Log - TRIGGER BROWSER >>
[INFO ] 2022-10-30 20:26:37.380 [main] Log - FOUND SELECTOR= //input[@id= "searchInput"]
[INFO ] 2022-10-30 20:26:39.359 [main] Log - PRESSED ENTER >>
[INFO ] 2022-10-30 20:26:39.361 [main] Log - CONDUCTED SEARCH >>
[INFO ] 2022-10-30 20:26:39.465 [main] Log - 0
[INFO ] 2022-10-30 20:26:44.255 [main] Log - DELETED ALL COOKIES >>
[WARN ] 2022-10-30 20:26:44.949 [main] Log - REPELLED BROWSER >>
[INFO ] 2022-10-30 20:28:11.031 [main] Log - NORMALIZED STR: Mac OS X
[INFO ] 2022-10-30 20:28:11.033 [main] Log - NORMALIZED STR: Mac OS X
[INFO ] 2022-10-30 20:28:11.033 [main] Log - NORMALIZED STR: Mac OS X
[INFO ] 2022-10-30 20:28:11.033 [main] Log - NORMALIZED STR: Mac OS X
[INFO ] 2022-10-30 20:28:11.033 [main] Log - GOT PROPERTIES FILE >>
[INFO ] 2022-10-30 20:28:11.033 [main] Log - NORMALIZED STR: firefox
[INFO ] 2022-10-30 20:28:11.033 [main] Log - NORMALIZED STR: false
[INFO ] 2022-10-30 20:28:11.033 [main] Log - NORMALIZED STR: https://www.uniqlo.com/vn/en/
[INFO ] 2022-10-30 20:28:11.033 [main] Log - THE DESIGNATED BROWSER= firefox
[INFO ] 2022-10-30 20:28:17.807 [main] Log - TRIGGER BROWSER >>
[INFO ] 2022-10-30 20:28:18.530 [main] Log - FOUND SELECTOR= //input[@id= "searchInput"]
[INFO ] 2022-10-30 20:28:18.887 [main] Log - PRESSED ENTER >>
[INFO ] 2022-10-30 20:28:18.888 [main] Log - CONDUCTED SEARCH >>
[INFO ] 2022-10-30 20:28:23.255 [main] Log - DELETED ALL COOKIES >>
[WARN ] 2022-10-30 20:28:23.640 [main] Log - REPELLED BROWSER >>
[INFO ] 2022-10-30 20:28:44.012 [main] Log - NORMALIZED STR: Mac OS X
[INFO ] 2022-10-30 20:28:44.013 [main] Log - NORMALIZED STR: Mac OS X
[INFO ] 2022-10-30 20:28:44.013 [main] Log - NORMALIZED STR: Mac OS X
[INFO ] 2022-10-30 20:28:44.013 [main] Log - NORMALIZED STR: Mac OS X
[INFO ] 2022-10-30 20:28:44.014 [main] Log - GOT PROPERTIES FILE >>
[INFO ] 2022-10-30 20:28:44.014 [main] Log - NORMALIZED STR: firefox
[INFO ] 2022-10-30 20:28:44.014 [main] Log - NORMALIZED STR: false
[INFO ] 2022-10-30 20:28:44.014 [main] Log - NORMALIZED STR: https://www.uniqlo.com/vn/en/
[INFO ] 2022-10-30 20:28:44.014 [main] Log - THE DESIGNATED BROWSER= firefox
[INFO ] 2022-10-30 20:28:49.990 [main] Log - TRIGGER BROWSER >>
[INFO ] 2022-10-30 20:28:50.702 [main] Log - FOUND SELECTOR= //input[@id= "searchInput"]
[INFO ] 2022-10-30 20:28:51.001 [main] Log - PRESSED ENTER >>
[INFO ] 2022-10-30 20:28:51.001 [main] Log - CONDUCTED SEARCH >>
[INFO ] 2022-10-30 20:28:55.379 [main] Log - DELETED ALL COOKIES >>
[WARN ] 2022-10-30 20:28:55.753 [main] Log - REPELLED BROWSER >>
[INFO ] 2022-10-30 20:29:15.113 [main] Log - NORMALIZED STR: Mac OS X
[INFO ] 2022-10-30 20:29:15.115 [main] Log - NORMALIZED STR: Mac OS X
[INFO ] 2022-10-30 20:29:15.115 [main] Log - NORMALIZED STR: Mac OS X
[INFO ] 2022-10-30 20:29:15.115 [main] Log - NORMALIZED STR: Mac OS X
[INFO ] 2022-10-30 20:29:15.116 [main] Log - GOT PROPERTIES FILE >>
[INFO ] 2022-10-30 20:29:15.116 [main] Log - NORMALIZED STR: firefox
[INFO ] 2022-10-30 20:29:15.116 [main] Log - NORMALIZED STR: false
[INFO ] 2022-10-30 20:29:15.116 [main] Log - NORMALIZED STR: https://www.uniqlo.com/vn/en/
[INFO ] 2022-10-30 20:29:15.116 [main] Log - THE DESIGNATED BROWSER= firefox
[INFO ] 2022-10-30 20:29:21.784 [main] Log - TRIGGER BROWSER >>
[INFO ] 2022-10-30 20:29:22.751 [main] Log - FOUND SELECTOR= //input[@id= "searchInput"]
[INFO ] 2022-10-30 20:29:23.084 [main] Log - PRESSED ENTER >>
[INFO ] 2022-10-30 20:29:23.085 [main] Log - CONDUCTED SEARCH >>
[INFO ] 2022-10-30 20:29:27.342 [main] Log - DELETED ALL COOKIES >>
[WARN ] 2022-10-30 20:29:27.704 [main] Log - REPELLED BROWSER >>
[INFO ] 2022-10-30 20:30:51.859 [main] Log - NORMALIZED STR: Mac OS X
[INFO ] 2022-10-30 20:30:51.861 [main] Log - NORMALIZED STR: Mac OS X
[INFO ] 2022-10-30 20:30:51.861 [main] Log - NORMALIZED STR: Mac OS X
[INFO ] 2022-10-30 20:30:51.861 [main] Log - NORMALIZED STR: Mac OS X
[INFO ] 2022-10-30 20:30:51.861 [main] Log - GOT PROPERTIES FILE >>
[INFO ] 2022-10-30 20:30:51.862 [main] Log - NORMALIZED STR: firefox
[INFO ] 2022-10-30 20:30:51.862 [main] Log - NORMALIZED STR: false
[INFO ] 2022-10-30 20:30:51.862 [main] Log - NORMALIZED STR: https://www.uniqlo.com/vn/en/
[INFO ] 2022-10-30 20:30:51.862 [main] Log - THE DESIGNATED BROWSER= firefox
[INFO ] 2022-10-30 20:30:58.877 [main] Log - TRIGGER BROWSER >>
[INFO ] 2022-10-30 20:30:59.234 [main] Log - FOUND SELECTOR= //input[@id= "searchInput"]
[INFO ] 2022-10-30 20:30:59.933 [main] Log - PRESSED ENTER >>
[INFO ] 2022-10-30 20:30:59.934 [main] Log - CONDUCTED SEARCH >>
[INFO ] 2022-10-30 20:31:04.186 [main] Log - DELETED ALL COOKIES >>
[WARN ] 2022-10-30 20:31:04.534 [main] Log - REPELLED BROWSER >>
[INFO ] 2022-10-30 20:31:20.560 [main] Log - NORMALIZED STR: Mac OS X
[INFO ] 2022-10-30 20:31:20.561 [main] Log - NORMALIZED STR: Mac OS X
[INFO ] 2022-10-30 20:31:20.561 [main] Log - NORMALIZED STR: Mac OS X
[INFO ] 2022-10-30 20:31:20.561 [main] Log - NORMALIZED STR: Mac OS X
[INFO ] 2022-10-30 20:31:20.561 [main] Log - GOT PROPERTIES FILE >>
[INFO ] 2022-10-30 20:31:20.562 [main] Log - NORMALIZED STR: firefox
[INFO ] 2022-10-30 20:31:20.562 [main] Log - NORMALIZED STR: false
[INFO ] 2022-10-30 20:31:20.562 [main] Log - NORMALIZED STR: https://www.uniqlo.com/vn/en/
[INFO ] 2022-10-30 20:31:20.562 [main] Log - THE DESIGNATED BROWSER= firefox
[INFO ] 2022-10-30 20:31:26.674 [main] Log - TRIGGER BROWSER >>
[INFO ] 2022-10-30 20:31:26.939 [main] Log - FOUND SELECTOR= //input[@id= "searchInput"]
[INFO ] 2022-10-30 20:31:27.513 [main] Log - PRESSED ENTER >>
[INFO ] 2022-10-30 20:31:27.513 [main] Log - CONDUCTED SEARCH >>
[INFO ] 2022-10-30 20:31:31.876 [main] Log - DELETED ALL COOKIES >>
[WARN ] 2022-10-30 20:31:32.291 [main] Log - REPELLED BROWSER >>
[INFO ] 2022-10-30 20:31:46.636 [main] Log - NORMALIZED STR: Mac OS X
[INFO ] 2022-10-30 20:31:46.637 [main] Log - NORMALIZED STR: Mac OS X
[INFO ] 2022-10-30 20:31:46.637 [main] Log - NORMALIZED STR: Mac OS X
[INFO ] 2022-10-30 20:31:46.637 [main] Log - NORMALIZED STR: Mac OS X
[INFO ] 2022-10-30 20:31:46.637 [main] Log - GOT PROPERTIES FILE >>
[INFO ] 2022-10-30 20:31:46.637 [main] Log - NORMALIZED STR: firefox
[INFO ] 2022-10-30 20:31:46.638 [main] Log - NORMALIZED STR: false
[INFO ] 2022-10-30 20:31:46.638 [main] Log - NORMALIZED STR: https://www.uniqlo.com/vn/en/
[INFO ] 2022-10-30 20:31:46.638 [main] Log - THE DESIGNATED BROWSER= firefox
[INFO ] 2022-10-30 20:31:53.608 [main] Log - TRIGGER BROWSER >>
[INFO ] 2022-10-30 20:31:54.771 [main] Log - FOUND SELECTOR= //input[@id= "searchInput"]
[INFO ] 2022-10-30 20:31:54.963 [main] Log - PRESSED ENTER >>
[INFO ] 2022-10-30 20:31:54.963 [main] Log - CONDUCTED SEARCH >>
[INFO ] 2022-10-30 20:33:49.248 [main] Log - NORMALIZED STR: Mac OS X
[INFO ] 2022-10-30 20:33:49.250 [main] Log - NORMALIZED STR: Mac OS X
[INFO ] 2022-10-30 20:33:49.251 [main] Log - NORMALIZED STR: Mac OS X
[INFO ] 2022-10-30 20:33:49.251 [main] Log - NORMALIZED STR: Mac OS X
[INFO ] 2022-10-30 20:33:49.251 [main] Log - GOT PROPERTIES FILE >>
[INFO ] 2022-10-30 20:33:49.257 [main] Log - NORMALIZED STR: firefox
[INFO ] 2022-10-30 20:33:49.258 [main] Log - NORMALIZED STR: false
[INFO ] 2022-10-30 20:33:49.258 [main] Log - NORMALIZED STR: https://www.uniqlo.com/vn/en/
[INFO ] 2022-10-30 20:33:49.258 [main] Log - THE DESIGNATED BROWSER= firefox
[INFO ] 2022-10-30 20:33:56.340 [main] Log - TRIGGER BROWSER >>
[INFO ] 2022-10-30 20:33:56.672 [main] Log - FOUND SELECTOR= //input[@id= "searchInput"]
[INFO ] 2022-10-30 20:33:57.292 [main] Log - PRESSED ENTER >>
[INFO ] 2022-10-30 20:33:57.293 [main] Log - CONDUCTED SEARCH >>
[INFO ] 2022-10-30 20:37:37.296 [main] Log - NORMALIZED STR: Mac OS X
[INFO ] 2022-10-30 20:37:37.297 [main] Log - NORMALIZED STR: Mac OS X
[INFO ] 2022-10-30 20:37:37.297 [main] Log - NORMALIZED STR: Mac OS X
[INFO ] 2022-10-30 20:37:37.297 [main] Log - NORMALIZED STR: Mac OS X
[INFO ] 2022-10-30 20:37:37.298 [main] Log - GOT PROPERTIES FILE >>
[INFO ] 2022-10-30 20:37:37.298 [main] Log - NORMALIZED STR: firefox
[INFO ] 2022-10-30 20:37:37.298 [main] Log - NORMALIZED STR: false
[INFO ] 2022-10-30 20:37:37.298 [main] Log - NORMALIZED STR: https://www.uniqlo.com/vn/en/
[INFO ] 2022-10-30 20:37:37.298 [main] Log - THE DESIGNATED BROWSER= firefox
[INFO ] 2022-10-30 20:37:45.397 [main] Log - TRIGGER BROWSER >>
[INFO ] 2022-10-30 20:37:46.374 [main] Log - FOUND SELECTOR= //input[@id= "searchInput"]
[INFO ] 2022-10-30 20:37:47.277 [main] Log - PRESSED ENTER >>
[INFO ] 2022-10-30 20:37:47.279 [main] Log - CONDUCTED SEARCH >>
[INFO ] 2022-10-30 20:37:52.545 [main] Log - DELETED ALL COOKIES >>
[WARN ] 2022-10-30 20:37:53.081 [main] Log - REPELLED BROWSER >>
[INFO ] 2022-10-30 20:38:07.755 [main] Log - NORMALIZED STR: Mac OS X
[INFO ] 2022-10-30 20:38:07.757 [main] Log - NORMALIZED STR: Mac OS X
[INFO ] 2022-10-30 20:38:07.757 [main] Log - NORMALIZED STR: Mac OS X
[INFO ] 2022-10-30 20:38:07.757 [main] Log - NORMALIZED STR: Mac OS X
[INFO ] 2022-10-30 20:38:07.757 [main] Log - GOT PROPERTIES FILE >>
[INFO ] 2022-10-30 20:38:07.757 [main] Log - NORMALIZED STR: firefox
[INFO ] 2022-10-30 20:38:07.758 [main] Log - NORMALIZED STR: false
[INFO ] 2022-10-30 20:38:07.758 [main] Log - NORMALIZED STR: https://www.uniqlo.com/vn/en/
[INFO ] 2022-10-30 20:38:07.758 [main] Log - THE DESIGNATED BROWSER= firefox
[INFO ] 2022-10-30 20:38:14.436 [main] Log - TRIGGER BROWSER >>
[INFO ] 2022-10-30 20:38:14.883 [main] Log - FOUND SELECTOR= //input[@id= "searchInput"]
[INFO ] 2022-10-30 20:38:15.518 [main] Log - PRESSED ENTER >>
[INFO ] 2022-10-30 20:38:15.518 [main] Log - CONDUCTED SEARCH >>
[INFO ] 2022-10-30 20:38:22.764 [main] Log - DELETED ALL COOKIES >>
[WARN ] 2022-10-30 20:38:23.118 [main] Log - REPELLED BROWSER >>
[INFO ] 2022-10-30 20:38:34.617 [main] Log - NORMALIZED STR: Mac OS X
[INFO ] 2022-10-30 20:38:34.619 [main] Log - NORMALIZED STR: Mac OS X
[INFO ] 2022-10-30 20:38:34.619 [main] Log - NORMALIZED STR: Mac OS X
[INFO ] 2022-10-30 20:38:34.619 [main] Log - NORMALIZED STR: Mac OS X
[INFO ] 2022-10-30 20:38:34.619 [main] Log - GOT PROPERTIES FILE >>
[INFO ] 2022-10-30 20:38:34.619 [main] Log - NORMALIZED STR: firefox
[INFO ] 2022-10-30 20:38:34.619 [main] Log - NORMALIZED STR: false
[INFO ] 2022-10-30 20:38:34.619 [main] Log - NORMALIZED STR: https://www.uniqlo.com/vn/en/
[INFO ] 2022-10-30 20:38:34.619 [main] Log - THE DESIGNATED BROWSER= firefox
[INFO ] 2022-10-30 20:38:40.872 [main] Log - TRIGGER BROWSER >>
[INFO ] 2022-10-30 20:38:41.195 [main] Log - FOUND SELECTOR= //input[@id= "searchInput"]
[INFO ] 2022-10-30 20:38:41.924 [main] Log - PRESSED ENTER >>
[INFO ] 2022-10-30 20:38:41.924 [main] Log - CONDUCTED SEARCH >>
[INFO ] 2022-10-30 20:38:49.179 [main] Log - DELETED ALL COOKIES >>
[WARN ] 2022-10-30 20:38:49.530 [main] Log - REPELLED BROWSER >>
[INFO ] 2022-10-30 20:39:08.791 [main] Log - NORMALIZED STR: Mac OS X
[INFO ] 2022-10-30 20:39:08.793 [main] Log - NORMALIZED STR: Mac OS X
[INFO ] 2022-10-30 20:39:08.793 [main] Log - NORMALIZED STR: Mac OS X
[INFO ] 2022-10-30 20:39:08.793 [main] Log - NORMALIZED STR: Mac OS X
[INFO ] 2022-10-30 20:39:08.793 [main] Log - GOT PROPERTIES FILE >>
[INFO ] 2022-10-30 20:39:08.793 [main] Log - NORMALIZED STR: firefox
[INFO ] 2022-10-30 20:39:08.793 [main] Log - NORMALIZED STR: false
[INFO ] 2022-10-30 20:39:08.793 [main] Log - NORMALIZED STR: https://www.uniqlo.com/vn/en/
[INFO ] 2022-10-30 20:39:08.793 [main] Log - THE DESIGNATED BROWSER= firefox
[INFO ] 2022-10-30 20:39:15.813 [main] Log - TRIGGER BROWSER >>
[INFO ] 2022-10-30 20:39:16.446 [main] Log - FOUND SELECTOR= //input[@id= "searchInput"]
[INFO ] 2022-10-30 20:39:16.978 [main] Log - PRESSED ENTER >>
[INFO ] 2022-10-30 20:39:16.979 [main] Log - CONDUCTED SEARCH >>
[INFO ] 2022-10-30 20:39:21.029 [main] Log - DELETED ALL COOKIES >>
[WARN ] 2022-10-30 20:39:21.388 [main] Log - REPELLED BROWSER >>
[INFO ] 2022-10-30 20:40:48.449 [main] Log - NORMALIZED STR: Mac OS X
[INFO ] 2022-10-30 20:40:48.451 [main] Log - NORMALIZED STR: Mac OS X
[INFO ] 2022-10-30 20:40:48.451 [main] Log - NORMALIZED STR: Mac OS X
[INFO ] 2022-10-30 20:40:48.451 [main] Log - NORMALIZED STR: Mac OS X
[INFO ] 2022-10-30 20:40:48.451 [main] Log - GOT PROPERTIES FILE >>
[INFO ] 2022-10-30 20:40:48.451 [main] Log - NORMALIZED STR: firefox
[INFO ] 2022-10-30 20:40:48.451 [main] Log - NORMALIZED STR: false
[INFO ] 2022-10-30 20:40:48.451 [main] Log - NORMALIZED STR: https://www.uniqlo.com/vn/en/
[INFO ] 2022-10-30 20:40:48.452 [main] Log - THE DESIGNATED BROWSER= firefox
[INFO ] 2022-10-30 20:40:55.022 [main] Log - TRIGGER BROWSER >>
[INFO ] 2022-10-30 20:40:55.299 [main] Log - FOUND SELECTOR= //input[@id= "searchInput"]
[INFO ] 2022-10-30 20:40:55.825 [main] Log - PRESSED ENTER >>
[INFO ] 2022-10-30 20:40:55.825 [main] Log - CONDUCTED SEARCH >>
[INFO ] 2022-10-30 20:40:55.834 [main] Log - DELETED ALL COOKIES >>
[WARN ] 2022-10-30 20:40:56.683 [main] Log - REPELLED BROWSER >>
[INFO ] 2022-10-30 20:41:04.624 [main] Log - NORMALIZED STR: Mac OS X
[INFO ] 2022-10-30 20:41:04.625 [main] Log - NORMALIZED STR: Mac OS X
[INFO ] 2022-10-30 20:41:04.625 [main] Log - NORMALIZED STR: Mac OS X
[INFO ] 2022-10-30 20:41:04.625 [main] Log - NORMALIZED STR: Mac OS X
[INFO ] 2022-10-30 20:41:04.625 [main] Log - GOT PROPERTIES FILE >>
[INFO ] 2022-10-30 20:41:04.626 [main] Log - NORMALIZED STR: firefox
[INFO ] 2022-10-30 20:41:04.626 [main] Log - NORMALIZED STR: false
[INFO ] 2022-10-30 20:41:04.626 [main] Log - NORMALIZED STR: https://www.uniqlo.com/vn/en/
[INFO ] 2022-10-30 20:41:04.626 [main] Log - THE DESIGNATED BROWSER= firefox
[INFO ] 2022-10-30 20:41:10.614 [main] Log - TRIGGER BROWSER >>
[INFO ] 2022-10-30 20:41:11.182 [main] Log - FOUND SELECTOR= //input[@id= "searchInput"]
[INFO ] 2022-10-30 20:41:11.654 [main] Log - PRESSED ENTER >>
[INFO ] 2022-10-30 20:41:11.654 [main] Log - CONDUCTED SEARCH >>
[INFO ] 2022-10-30 20:41:11.673 [main] Log - DELETED ALL COOKIES >>
[WARN ] 2022-10-30 20:41:12.589 [main] Log - REPELLED BROWSER >>
[INFO ] 2022-10-30 20:42:45.398 [main] Log - NORMALIZED STR: Mac OS X
[INFO ] 2022-10-30 20:42:45.399 [main] Log - NORMALIZED STR: Mac OS X
[INFO ] 2022-10-30 20:42:45.399 [main] Log - NORMALIZED STR: Mac OS X
[INFO ] 2022-10-30 20:42:45.400 [main] Log - NORMALIZED STR: Mac OS X
[INFO ] 2022-10-30 20:42:45.400 [main] Log - GOT PROPERTIES FILE >>
[INFO ] 2022-10-30 20:42:45.400 [main] Log - NORMALIZED STR: firefox
[INFO ] 2022-10-30 20:42:45.400 [main] Log - NORMALIZED STR: false
[INFO ] 2022-10-30 20:42:45.400 [main] Log - NORMALIZED STR: https://www.uniqlo.com/vn/en/
[INFO ] 2022-10-30 20:42:45.400 [main] Log - THE DESIGNATED BROWSER= firefox
[INFO ] 2022-10-30 20:42:53.137 [main] Log - TRIGGER BROWSER >>
[INFO ] 2022-10-30 20:42:53.400 [main] Log - FOUND SELECTOR= //input[@id= "searchInput"]
[INFO ] 2022-10-30 20:42:53.583 [main] Log - PRESSED ENTER >>
[INFO ] 2022-10-30 20:42:53.583 [main] Log - CONDUCTED SEARCH >>
[INFO ] 2022-10-30 20:42:53.596 [main] Log - DELETED ALL COOKIES >>
[WARN ] 2022-10-30 20:42:53.973 [main] Log - REPELLED BROWSER >>
[INFO ] 2022-10-30 20:43:11.916 [main] Log - NORMALIZED STR: Mac OS X
[INFO ] 2022-10-30 20:43:11.917 [main] Log - NORMALIZED STR: Mac OS X
[INFO ] 2022-10-30 20:43:11.918 [main] Log - NORMALIZED STR: Mac OS X
[INFO ] 2022-10-30 20:43:11.918 [main] Log - NORMALIZED STR: Mac OS X
[INFO ] 2022-10-30 20:43:11.918 [main] Log - GOT PROPERTIES FILE >>
[INFO ] 2022-10-30 20:43:11.918 [main] Log - NORMALIZED STR: firefox
[INFO ] 2022-10-30 20:43:11.918 [main] Log - NORMALIZED STR: false
[INFO ] 2022-10-30 20:43:11.918 [main] Log - NORMALIZED STR: https://www.uniqlo.com/vn/en/
[INFO ] 2022-10-30 20:43:11.918 [main] Log - THE DESIGNATED BROWSER= firefox
[INFO ] 2022-10-30 20:43:18.094 [main] Log - TRIGGER BROWSER >>
[INFO ] 2022-10-30 20:43:18.456 [main] Log - FOUND SELECTOR= //input[@id= "searchInput"]
[INFO ] 2022-10-30 20:43:18.872 [main] Log - PRESSED ENTER >>
[INFO ] 2022-10-30 20:43:18.872 [main] Log - CONDUCTED SEARCH >>
[INFO ] 2022-10-30 20:43:21.885 [main] Log - DELETED ALL COOKIES >>
[WARN ] 2022-10-30 20:43:22.264 [main] Log - REPELLED BROWSER >>
[INFO ] 2022-10-30 20:43:32.305 [main] Log - NORMALIZED STR: Mac OS X
[INFO ] 2022-10-30 20:43:32.307 [main] Log - NORMALIZED STR: Mac OS X
[INFO ] 2022-10-30 20:43:32.307 [main] Log - NORMALIZED STR: Mac OS X
[INFO ] 2022-10-30 20:43:32.307 [main] Log - NORMALIZED STR: Mac OS X
[INFO ] 2022-10-30 20:43:32.307 [main] Log - GOT PROPERTIES FILE >>
[INFO ] 2022-10-30 20:43:32.307 [main] Log - NORMALIZED STR: firefox
[INFO ] 2022-10-30 20:43:32.307 [main] Log - NORMALIZED STR: false
[INFO ] 2022-10-30 20:43:32.307 [main] Log - NORMALIZED STR: https://www.uniqlo.com/vn/en/
[INFO ] 2022-10-30 20:43:32.307 [main] Log - THE DESIGNATED BROWSER= firefox
[INFO ] 2022-10-30 20:43:38.109 [main] Log - TRIGGER BROWSER >>
[INFO ] 2022-10-30 20:43:38.418 [main] Log - FOUND SELECTOR= //input[@id= "searchInput"]
[INFO ] 2022-10-30 20:43:38.881 [main] Log - PRESSED ENTER >>
[INFO ] 2022-10-30 20:43:38.882 [main] Log - CONDUCTED SEARCH >>
[INFO ] 2022-10-30 20:43:41.695 [main] Log - DELETED ALL COOKIES >>
[WARN ] 2022-10-30 20:43:42.029 [main] Log - REPELLED BROWSER >>
[INFO ] 2022-10-30 20:45:14.142 [main] Log - NORMALIZED STR: Mac OS X
[INFO ] 2022-10-30 20:45:14.143 [main] Log - NORMALIZED STR: Mac OS X
[INFO ] 2022-10-30 20:45:14.143 [main] Log - NORMALIZED STR: Mac OS X
[INFO ] 2022-10-30 20:45:14.143 [main] Log - NORMALIZED STR: Mac OS X
[INFO ] 2022-10-30 20:45:14.143 [main] Log - GOT PROPERTIES FILE >>
[INFO ] 2022-10-30 20:45:14.144 [main] Log - NORMALIZED STR: firefox
[INFO ] 2022-10-30 20:45:14.144 [main] Log - NORMALIZED STR: false
[INFO ] 2022-10-30 20:45:14.144 [main] Log - NORMALIZED STR: https://www.uniqlo.com/vn/en/
[INFO ] 2022-10-30 20:45:14.144 [main] Log - THE DESIGNATED BROWSER= firefox
[INFO ] 2022-10-30 20:45:22.488 [main] Log - TRIGGER BROWSER >>
[INFO ] 2022-10-30 20:45:22.842 [main] Log - FOUND SELECTOR= //input[@id= "searchInput"]
[INFO ] 2022-10-30 20:45:23.312 [main] Log - PRESSED ENTER >>
[INFO ] 2022-10-30 20:45:23.312 [main] Log - CONDUCTED SEARCH >>
[INFO ] 2022-10-30 20:45:26.263 [main] Log - TOTAL PRODUCT= 4
[INFO ] 2022-10-30 20:45:26.276 [main] Log - PRODUCT NAME= Track Jacket
[INFO ] 2022-10-30 20:45:26.276 [main] Log - PRODUCT NAME= Pile Lined Sweat Track Jacket
[INFO ] 2022-10-30 20:45:26.276 [main] Log - PRODUCT NAME= Pile Lined Sweat Track Pants
[INFO ] 2022-10-30 20:45:26.277 [main] Log - PRODUCT NAME= Track Pants
[INFO ] 2022-10-30 20:45:26.289 [main] Log - DELETED ALL COOKIES >>
[WARN ] 2022-10-30 20:45:26.622 [main] Log - REPELLED BROWSER >>
