[INFO ] 2022-10-24 20:50:42.996 [main] Log - GOT PROPERTIES FILE >>
[INFO ] 2022-10-24 20:50:42.999 [main] Log - NORMALIZED STR: firefox
[INFO ] 2022-10-24 20:50:42.999 [main] Log - NORMALIZED STR: true
[INFO ] 2022-10-24 20:50:42.999 [main] Log - NORMALIZED STR: https://www.uniqlo.com/vn/en/
[INFO ] 2022-10-24 20:50:42.999 [main] Log - THE DESIGNATED BROWSER= firefox
[INFO ] 2022-10-24 20:50:49.307 [main] Log - TRIGGER BROWSER >>
[INFO ] 2022-10-24 20:50:49.582 [main] Log - FOUND SELECTOR= //input[@id= "searchInput"]
[INFO ] 2022-10-24 20:50:49.922 [main] Log - PRESSED ENTER >>
[INFO ] 2022-10-24 20:50:49.922 [main] Log - CONDUCTED SEARCH >>
[INFO ] 2022-10-24 20:50:53.954 [main] Log - DELETED ALL COOKIES >>
[WARN ] 2022-10-24 20:50:54.234 [main] Log - REPELLED BROWSER >>
[INFO ] 2022-10-24 20:51:36.403 [main] Log - GOT PROPERTIES FILE >>
[INFO ] 2022-10-24 20:51:36.404 [main] Log - NORMALIZED STR: firefox
[INFO ] 2022-10-24 20:51:36.404 [main] Log - NORMALIZED STR: false
[INFO ] 2022-10-24 20:51:36.404 [main] Log - NORMALIZED STR: https://www.uniqlo.com/vn/en/
[INFO ] 2022-10-24 20:51:36.404 [main] Log - THE DESIGNATED BROWSER= firefox
[INFO ] 2022-10-24 20:51:45.130 [main] Log - TRIGGER BROWSER >>
[INFO ] 2022-10-24 20:51:45.342 [main] Log - FOUND SELECTOR= //input[@id= "searchInput"]
[INFO ] 2022-10-24 20:51:45.561 [main] Log - PRESSED ENTER >>
[INFO ] 2022-10-24 20:51:45.561 [main] Log - CONDUCTED SEARCH >>
[INFO ] 2022-10-24 20:51:49.594 [main] Log - DELETED ALL COOKIES >>
[WARN ] 2022-10-24 20:51:49.914 [main] Log - REPELLED BROWSER >>
[INFO ] 2022-10-24 20:51:56.778 [main] Log - GOT PROPERTIES FILE >>
[INFO ] 2022-10-24 20:51:56.779 [main] Log - NORMALIZED STR: firefox
[INFO ] 2022-10-24 20:51:56.779 [main] Log - NORMALIZED STR: false
[INFO ] 2022-10-24 20:51:56.779 [main] Log - NORMALIZED STR: https://www.uniqlo.com/vn/en/
[INFO ] 2022-10-24 20:51:56.779 [main] Log - THE DESIGNATED BROWSER= firefox
[INFO ] 2022-10-24 20:52:03.053 [main] Log - TRIGGER BROWSER >>
[INFO ] 2022-10-24 20:52:03.490 [main] Log - FOUND SELECTOR= //input[@id= "searchInput"]
[INFO ] 2022-10-24 20:52:03.684 [main] Log - PRESSED ENTER >>
[INFO ] 2022-10-24 20:52:03.684 [main] Log - CONDUCTED SEARCH >>
[INFO ] 2022-10-24 20:52:07.747 [main] Log - DELETED ALL COOKIES >>
[WARN ] 2022-10-24 20:52:08.089 [main] Log - REPELLED BROWSER >>
[INFO ] 2022-10-24 21:00:43.107 [main] Log - GOT PROPERTIES FILE >>
[INFO ] 2022-10-24 21:00:43.108 [main] Log - NORMALIZED STR: firefox
[INFO ] 2022-10-24 21:00:43.108 [main] Log - NORMALIZED STR: false
[INFO ] 2022-10-24 21:00:43.108 [main] Log - NORMALIZED STR: https://www.uniqlo.com/vn/en/
[INFO ] 2022-10-24 21:00:43.109 [main] Log - THE DESIGNATED BROWSER= firefox
[INFO ] 2022-10-24 21:00:50.023 [main] Log - TRIGGER BROWSER >>
[INFO ] 2022-10-24 21:00:50.455 [main] Log - FOUND SELECTOR= //input[@id= "searchInput"]
[INFO ] 2022-10-24 21:00:50.718 [main] Log - PRESSED ENTER >>
[INFO ] 2022-10-24 21:00:50.719 [main] Log - CONDUCTED SEARCH >>
[INFO ] 2022-10-24 21:00:54.751 [main] Log - DELETED ALL COOKIES >>
[WARN ] 2022-10-24 21:00:55.082 [main] Log - REPELLED BROWSER >>
[INFO ] 2022-10-24 21:01:09.530 [main] Log - GOT PROPERTIES FILE >>
[INFO ] 2022-10-24 21:01:09.531 [main] Log - NORMALIZED STR: firefox
[INFO ] 2022-10-24 21:01:09.531 [main] Log - NORMALIZED STR: false
[INFO ] 2022-10-24 21:01:09.531 [main] Log - NORMALIZED STR: https://www.uniqlo.com/vn/en/
[INFO ] 2022-10-24 21:01:09.531 [main] Log - THE DESIGNATED BROWSER= firefox
[INFO ] 2022-10-24 21:01:15.664 [main] Log - TRIGGER BROWSER >>
[INFO ] 2022-10-24 21:01:16.357 [main] Log - FOUND SELECTOR= //input[@id= "searchInput"]
[INFO ] 2022-10-24 21:01:16.666 [main] Log - PRESSED ENTER >>
[INFO ] 2022-10-24 21:01:16.666 [main] Log - CONDUCTED SEARCH >>
[INFO ] 2022-10-24 21:01:20.704 [main] Log - DELETED ALL COOKIES >>
[WARN ] 2022-10-24 21:01:21.036 [main] Log - REPELLED BROWSER >>
