[INFO ] 2022-11-26 11:27:47.058 [main] Log - NORMALIZED STR: Mac OS X
[INFO ] 2022-11-26 11:27:47.061 [main] Log - VERIFY IF {mac os x} CONTAINS {win}
[INFO ] 2022-11-26 11:27:47.061 [main] Log - VERIFY IF {mac os x} CONTAINS {mac os x}
[INFO ] 2022-11-26 11:27:47.061 [main] Log - NORMALIZED STR: Mac OS X
[INFO ] 2022-11-26 11:27:47.061 [main] Log - VERIFY IF {mac os x} CONTAINS {win}
[INFO ] 2022-11-26 11:27:47.061 [main] Log - VERIFY IF {mac os x} CONTAINS {mac os x}
[INFO ] 2022-11-26 11:27:47.061 [main] Log - NORMALIZED STR: Mac OS X
[INFO ] 2022-11-26 11:27:47.061 [main] Log - VERIFY IF {mac os x} CONTAINS {win}
[INFO ] 2022-11-26 11:27:47.061 [main] Log - VERIFY IF {mac os x} CONTAINS {mac os x}
[INFO ] 2022-11-26 11:27:47.061 [main] Log - NORMALIZED STR: Mac OS X
[INFO ] 2022-11-26 11:27:47.061 [main] Log - VERIFY IF {mac os x} CONTAINS {win}
[INFO ] 2022-11-26 11:27:47.061 [main] Log - VERIFY IF {mac os x} CONTAINS {mac os x}
[INFO ] 2022-11-26 11:27:47.061 [main] Log - GOT PROPERTIES FILE >>
[INFO ] 2022-11-26 11:27:47.062 [main] Log - NORMALIZED STR: firefox
[INFO ] 2022-11-26 11:27:47.062 [main] Log - NORMALIZED STR: false
[INFO ] 2022-11-26 11:27:47.062 [main] Log - NORMALIZED STR: https://www.uniqlo.com/vn/en/
[INFO ] 2022-11-26 11:27:47.062 [main] Log - THE DESIGNATED BROWSER= firefox
[INFO ] 2022-11-26 11:27:54.477 [main] Log - TRIGGER BROWSER >>
[INFO ] 2022-11-26 11:27:54.479 [main] Log - VERIFY IF {men} CONTAINS {men}
[INFO ] 2022-11-26 11:27:54.939 [main] Log - HOVERED SELECTOR= //li[@data-test= "men-navItem"]/a[div/span[contains(text(), "men")]]
[INFO ] 2022-11-26 11:27:55.085 [main] Log - VERIFY IF {teeshirts} CONTAINS {tee}
[INFO ] 2022-11-26 11:29:10.842 [main] Log - NORMALIZED STR: Mac OS X
[INFO ] 2022-11-26 11:29:10.842 [main] Log - VERIFY IF {mac os x} CONTAINS {win}
[INFO ] 2022-11-26 11:29:10.843 [main] Log - VERIFY IF {mac os x} CONTAINS {mac os x}
[INFO ] 2022-11-26 11:29:10.843 [main] Log - NORMALIZED STR: Mac OS X
[INFO ] 2022-11-26 11:29:10.843 [main] Log - VERIFY IF {mac os x} CONTAINS {win}
[INFO ] 2022-11-26 11:29:10.843 [main] Log - VERIFY IF {mac os x} CONTAINS {mac os x}
[INFO ] 2022-11-26 11:29:10.843 [main] Log - NORMALIZED STR: Mac OS X
[INFO ] 2022-11-26 11:29:10.843 [main] Log - VERIFY IF {mac os x} CONTAINS {win}
[INFO ] 2022-11-26 11:29:10.843 [main] Log - VERIFY IF {mac os x} CONTAINS {mac os x}
[INFO ] 2022-11-26 11:29:10.843 [main] Log - NORMALIZED STR: Mac OS X
[INFO ] 2022-11-26 11:29:10.843 [main] Log - VERIFY IF {mac os x} CONTAINS {win}
[INFO ] 2022-11-26 11:29:10.843 [main] Log - VERIFY IF {mac os x} CONTAINS {mac os x}
[INFO ] 2022-11-26 11:29:10.843 [main] Log - GOT PROPERTIES FILE >>
[INFO ] 2022-11-26 11:29:10.844 [main] Log - NORMALIZED STR: firefox
[INFO ] 2022-11-26 11:29:10.844 [main] Log - NORMALIZED STR: false
[INFO ] 2022-11-26 11:29:10.844 [main] Log - NORMALIZED STR: https://www.uniqlo.com/vn/en/
[INFO ] 2022-11-26 11:29:10.844 [main] Log - THE DESIGNATED BROWSER= firefox
[INFO ] 2022-11-26 11:29:17.569 [main] Log - TRIGGER BROWSER >>
[INFO ] 2022-11-26 11:29:17.571 [main] Log - VERIFY IF {men} CONTAINS {men}
[INFO ] 2022-11-26 11:29:17.775 [main] Log - HOVERED SELECTOR= //li[@data-test= "men-navItem"]/a[div/span[contains(text(), "men")]]
[INFO ] 2022-11-26 11:29:17.872 [main] Log - VERIFY IF {teeshirts} CONTAINS {teeshirts}
[INFO ] 2022-11-26 11:29:27.290 [main] Log - NORMALIZED STR: Mac OS X
[INFO ] 2022-11-26 11:29:27.291 [main] Log - VERIFY IF {mac os x} CONTAINS {win}
[INFO ] 2022-11-26 11:29:27.291 [main] Log - VERIFY IF {mac os x} CONTAINS {mac os x}
[INFO ] 2022-11-26 11:29:27.291 [main] Log - NORMALIZED STR: Mac OS X
[INFO ] 2022-11-26 11:29:27.291 [main] Log - VERIFY IF {mac os x} CONTAINS {win}
[INFO ] 2022-11-26 11:29:27.291 [main] Log - VERIFY IF {mac os x} CONTAINS {mac os x}
[INFO ] 2022-11-26 11:29:27.291 [main] Log - NORMALIZED STR: Mac OS X
[INFO ] 2022-11-26 11:29:27.291 [main] Log - VERIFY IF {mac os x} CONTAINS {win}
[INFO ] 2022-11-26 11:29:27.291 [main] Log - VERIFY IF {mac os x} CONTAINS {mac os x}
[INFO ] 2022-11-26 11:29:27.292 [main] Log - NORMALIZED STR: Mac OS X
[INFO ] 2022-11-26 11:29:27.292 [main] Log - VERIFY IF {mac os x} CONTAINS {win}
[INFO ] 2022-11-26 11:29:27.292 [main] Log - VERIFY IF {mac os x} CONTAINS {mac os x}
[INFO ] 2022-11-26 11:29:27.292 [main] Log - GOT PROPERTIES FILE >>
[INFO ] 2022-11-26 11:29:27.292 [main] Log - NORMALIZED STR: firefox
[INFO ] 2022-11-26 11:29:27.292 [main] Log - NORMALIZED STR: false
[INFO ] 2022-11-26 11:29:27.292 [main] Log - NORMALIZED STR: https://www.uniqlo.com/vn/en/
[INFO ] 2022-11-26 11:29:27.292 [main] Log - THE DESIGNATED BROWSER= firefox
[INFO ] 2022-11-26 11:29:33.070 [main] Log - TRIGGER BROWSER >>
[INFO ] 2022-11-26 11:29:33.072 [main] Log - VERIFY IF {men} CONTAINS {men}
[INFO ] 2022-11-26 11:29:33.336 [main] Log - HOVERED SELECTOR= //li[@data-test= "men-navItem"]/a[div/span[contains(text(), "men")]]
[INFO ] 2022-11-26 11:29:33.463 [main] Log - VERIFY IF {teeshirts} CONTAINS {teeshirts}
[INFO ] 2022-11-26 11:30:59.935 [main] Log - NORMALIZED STR: Mac OS X
[INFO ] 2022-11-26 11:30:59.936 [main] Log - VERIFY IF {mac os x} CONTAINS {win}
[INFO ] 2022-11-26 11:30:59.936 [main] Log - VERIFY IF {mac os x} CONTAINS {mac os x}
[INFO ] 2022-11-26 11:30:59.936 [main] Log - NORMALIZED STR: Mac OS X
[INFO ] 2022-11-26 11:30:59.936 [main] Log - VERIFY IF {mac os x} CONTAINS {win}
[INFO ] 2022-11-26 11:30:59.936 [main] Log - VERIFY IF {mac os x} CONTAINS {mac os x}
[INFO ] 2022-11-26 11:30:59.936 [main] Log - NORMALIZED STR: Mac OS X
[INFO ] 2022-11-26 11:30:59.936 [main] Log - VERIFY IF {mac os x} CONTAINS {win}
[INFO ] 2022-11-26 11:30:59.936 [main] Log - VERIFY IF {mac os x} CONTAINS {mac os x}
[INFO ] 2022-11-26 11:30:59.936 [main] Log - NORMALIZED STR: Mac OS X
[INFO ] 2022-11-26 11:30:59.936 [main] Log - VERIFY IF {mac os x} CONTAINS {win}
[INFO ] 2022-11-26 11:30:59.937 [main] Log - VERIFY IF {mac os x} CONTAINS {mac os x}
[INFO ] 2022-11-26 11:30:59.937 [main] Log - GOT PROPERTIES FILE >>
[INFO ] 2022-11-26 11:30:59.937 [main] Log - NORMALIZED STR: firefox
[INFO ] 2022-11-26 11:30:59.937 [main] Log - NORMALIZED STR: false
[INFO ] 2022-11-26 11:30:59.937 [main] Log - NORMALIZED STR: https://www.uniqlo.com/vn/en/
[INFO ] 2022-11-26 11:30:59.937 [main] Log - THE DESIGNATED BROWSER= firefox
[INFO ] 2022-11-26 11:31:05.742 [main] Log - TRIGGER BROWSER >>
[INFO ] 2022-11-26 11:31:05.744 [main] Log - VERIFY IF {men} CONTAINS {men}
[INFO ] 2022-11-26 11:31:06.014 [main] Log - HOVERED SELECTOR= //li[@data-test= "men-navItem"]/a[div/span[contains(text(), "men")]]
[INFO ] 2022-11-26 11:31:06.166 [main] Log - VERIFY IF {teeshirts} CONTAINS {teeshirts}
[INFO ] 2022-11-26 11:31:06.166 [main] Log - ABOUT TO CLICK ON T-SHIRTS CATEGORY >>   
[INFO ] 2022-11-26 11:31:40.730 [main] Log - NORMALIZED STR: Mac OS X
[INFO ] 2022-11-26 11:31:40.731 [main] Log - VERIFY IF {mac os x} CONTAINS {win}
[INFO ] 2022-11-26 11:31:40.731 [main] Log - VERIFY IF {mac os x} CONTAINS {mac os x}
[INFO ] 2022-11-26 11:31:40.731 [main] Log - NORMALIZED STR: Mac OS X
[INFO ] 2022-11-26 11:31:40.731 [main] Log - VERIFY IF {mac os x} CONTAINS {win}
[INFO ] 2022-11-26 11:31:40.731 [main] Log - VERIFY IF {mac os x} CONTAINS {mac os x}
[INFO ] 2022-11-26 11:31:40.731 [main] Log - NORMALIZED STR: Mac OS X
[INFO ] 2022-11-26 11:31:40.731 [main] Log - VERIFY IF {mac os x} CONTAINS {win}
[INFO ] 2022-11-26 11:31:40.732 [main] Log - VERIFY IF {mac os x} CONTAINS {mac os x}
[INFO ] 2022-11-26 11:31:40.732 [main] Log - NORMALIZED STR: Mac OS X
[INFO ] 2022-11-26 11:31:40.732 [main] Log - VERIFY IF {mac os x} CONTAINS {win}
[INFO ] 2022-11-26 11:31:40.732 [main] Log - VERIFY IF {mac os x} CONTAINS {mac os x}
[INFO ] 2022-11-26 11:31:40.732 [main] Log - GOT PROPERTIES FILE >>
[INFO ] 2022-11-26 11:31:40.732 [main] Log - NORMALIZED STR: firefox
[INFO ] 2022-11-26 11:31:40.732 [main] Log - NORMALIZED STR: false
[INFO ] 2022-11-26 11:31:40.732 [main] Log - NORMALIZED STR: https://www.uniqlo.com/vn/en/
[INFO ] 2022-11-26 11:31:40.732 [main] Log - THE DESIGNATED BROWSER= firefox
[INFO ] 2022-11-26 11:31:45.986 [main] Log - TRIGGER BROWSER >>
[INFO ] 2022-11-26 11:31:45.988 [main] Log - VERIFY IF {men} CONTAINS {men}
[INFO ] 2022-11-26 11:31:46.219 [main] Log - HOVERED SELECTOR= //li[@data-test= "men-navItem"]/a[div/span[contains(text(), "men")]]
[INFO ] 2022-11-26 11:31:46.380 [main] Log - VERIFY IF {teeshirts} CONTAINS {teeshirts}
[INFO ] 2022-11-26 11:31:46.380 [main] Log - ABOUT TO CLICK ON T-SHIRTS CATEGORY >>   
[INFO ] 2022-11-26 11:32:31.679 [main] Log - NORMALIZED STR: Mac OS X
[INFO ] 2022-11-26 11:32:31.680 [main] Log - VERIFY IF {mac os x} CONTAINS {win}
[INFO ] 2022-11-26 11:32:31.680 [main] Log - VERIFY IF {mac os x} CONTAINS {mac os x}
[INFO ] 2022-11-26 11:32:31.680 [main] Log - NORMALIZED STR: Mac OS X
[INFO ] 2022-11-26 11:32:31.680 [main] Log - VERIFY IF {mac os x} CONTAINS {win}
[INFO ] 2022-11-26 11:32:31.680 [main] Log - VERIFY IF {mac os x} CONTAINS {mac os x}
[INFO ] 2022-11-26 11:32:31.680 [main] Log - NORMALIZED STR: Mac OS X
[INFO ] 2022-11-26 11:32:31.680 [main] Log - VERIFY IF {mac os x} CONTAINS {win}
[INFO ] 2022-11-26 11:32:31.680 [main] Log - VERIFY IF {mac os x} CONTAINS {mac os x}
[INFO ] 2022-11-26 11:32:31.680 [main] Log - NORMALIZED STR: Mac OS X
[INFO ] 2022-11-26 11:32:31.680 [main] Log - VERIFY IF {mac os x} CONTAINS {win}
[INFO ] 2022-11-26 11:32:31.680 [main] Log - VERIFY IF {mac os x} CONTAINS {mac os x}
[INFO ] 2022-11-26 11:32:31.681 [main] Log - GOT PROPERTIES FILE >>
[INFO ] 2022-11-26 11:32:31.681 [main] Log - NORMALIZED STR: chrome
[INFO ] 2022-11-26 11:32:31.681 [main] Log - NORMALIZED STR: false
[INFO ] 2022-11-26 11:32:31.681 [main] Log - NORMALIZED STR: https://www.uniqlo.com/vn/en/
[INFO ] 2022-11-26 11:32:31.681 [main] Log - THE DESIGNATED BROWSER= chrome
[INFO ] 2022-11-26 11:33:19.196 [main] Log - TRIGGER BROWSER >>
[INFO ] 2022-11-26 11:33:19.200 [main] Log - VERIFY IF {men} CONTAINS {men}
[INFO ] 2022-11-26 11:33:19.700 [main] Log - HOVERED SELECTOR= //li[@data-test= "men-navItem"]/a[div/span[contains(text(), "men")]]
[INFO ] 2022-11-26 11:33:20.450 [main] Log - VERIFY IF {teeshirts} CONTAINS {teeshirts}
[INFO ] 2022-11-26 11:33:20.451 [main] Log - ABOUT TO CLICK ON T-SHIRTS CATEGORY >>   
[INFO ] 2022-11-26 11:34:50.404 [main] Log - NORMALIZED STR: Mac OS X
[INFO ] 2022-11-26 11:34:50.405 [main] Log - VERIFY IF {mac os x} CONTAINS {win}
[INFO ] 2022-11-26 11:34:50.405 [main] Log - VERIFY IF {mac os x} CONTAINS {mac os x}
[INFO ] 2022-11-26 11:34:50.406 [main] Log - NORMALIZED STR: Mac OS X
[INFO ] 2022-11-26 11:34:50.406 [main] Log - VERIFY IF {mac os x} CONTAINS {win}
[INFO ] 2022-11-26 11:34:50.406 [main] Log - VERIFY IF {mac os x} CONTAINS {mac os x}
[INFO ] 2022-11-26 11:34:50.406 [main] Log - NORMALIZED STR: Mac OS X
[INFO ] 2022-11-26 11:34:50.406 [main] Log - VERIFY IF {mac os x} CONTAINS {win}
[INFO ] 2022-11-26 11:34:50.406 [main] Log - VERIFY IF {mac os x} CONTAINS {mac os x}
[INFO ] 2022-11-26 11:34:50.406 [main] Log - NORMALIZED STR: Mac OS X
[INFO ] 2022-11-26 11:34:50.406 [main] Log - VERIFY IF {mac os x} CONTAINS {win}
[INFO ] 2022-11-26 11:34:50.406 [main] Log - VERIFY IF {mac os x} CONTAINS {mac os x}
[INFO ] 2022-11-26 11:34:50.406 [main] Log - GOT PROPERTIES FILE >>
[INFO ] 2022-11-26 11:34:50.406 [main] Log - NORMALIZED STR: safari
[INFO ] 2022-11-26 11:34:50.406 [main] Log - NORMALIZED STR: false
[INFO ] 2022-11-26 11:34:50.406 [main] Log - NORMALIZED STR: https://www.uniqlo.com/vn/en/
[INFO ] 2022-11-26 11:34:50.407 [main] Log - THE DESIGNATED BROWSER= safari
[INFO ] 2022-11-26 11:35:03.350 [main] Log - TRIGGER BROWSER >>
[INFO ] 2022-11-26 11:35:03.353 [main] Log - VERIFY IF {men} CONTAINS {men}
[INFO ] 2022-11-26 11:35:03.373 [main] Log - HOVERED SELECTOR= //li[@data-test= "men-navItem"]/a[div/span[contains(text(), "men")]]
[INFO ] 2022-11-26 11:35:03.472 [main] Log - VERIFY IF {teeshirts} CONTAINS {teeshirts}
[INFO ] 2022-11-26 11:35:03.472 [main] Log - ABOUT TO CLICK ON T-SHIRTS CATEGORY >>   
[INFO ] 2022-11-26 11:36:40.793 [main] Log - NORMALIZED STR: Mac OS X
[INFO ] 2022-11-26 11:36:40.794 [main] Log - VERIFY IF {mac os x} CONTAINS {win}
[INFO ] 2022-11-26 11:36:40.794 [main] Log - VERIFY IF {mac os x} CONTAINS {mac os x}
[INFO ] 2022-11-26 11:36:40.795 [main] Log - NORMALIZED STR: Mac OS X
[INFO ] 2022-11-26 11:36:40.795 [main] Log - VERIFY IF {mac os x} CONTAINS {win}
[INFO ] 2022-11-26 11:36:40.795 [main] Log - VERIFY IF {mac os x} CONTAINS {mac os x}
[INFO ] 2022-11-26 11:36:40.795 [main] Log - NORMALIZED STR: Mac OS X
[INFO ] 2022-11-26 11:36:40.795 [main] Log - VERIFY IF {mac os x} CONTAINS {win}
[INFO ] 2022-11-26 11:36:40.795 [main] Log - VERIFY IF {mac os x} CONTAINS {mac os x}
[INFO ] 2022-11-26 11:36:40.795 [main] Log - NORMALIZED STR: Mac OS X
[INFO ] 2022-11-26 11:36:40.795 [main] Log - VERIFY IF {mac os x} CONTAINS {win}
[INFO ] 2022-11-26 11:36:40.795 [main] Log - VERIFY IF {mac os x} CONTAINS {mac os x}
[INFO ] 2022-11-26 11:36:40.795 [main] Log - GOT PROPERTIES FILE >>
[INFO ] 2022-11-26 11:36:40.795 [main] Log - NORMALIZED STR: safari
[INFO ] 2022-11-26 11:36:40.796 [main] Log - NORMALIZED STR: false
[INFO ] 2022-11-26 11:36:40.796 [main] Log - NORMALIZED STR: https://www.uniqlo.com/vn/en/
[INFO ] 2022-11-26 11:36:40.796 [main] Log - THE DESIGNATED BROWSER= safari
[INFO ] 2022-11-26 11:36:45.717 [main] Log - TRIGGER BROWSER >>
[INFO ] 2022-11-26 11:36:45.719 [main] Log - VERIFY IF {men} CONTAINS {men}
[INFO ] 2022-11-26 11:36:45.740 [main] Log - HOVERED SELECTOR= //li[@data-test= "men-navItem"]/a[div/span[contains(text(), "men")]]
[INFO ] 2022-11-26 11:36:45.832 [main] Log - VERIFY IF {teeshirts} CONTAINS {teeshirts}
[INFO ] 2022-11-26 11:36:45.832 [main] Log - ABOUT TO CLICK ON T-SHIRTS CATEGORY >>   
[INFO ] 2022-11-26 11:36:46.363 [main] Log - CLICK ON SELECTOR= //*[@id="root"]/div/div/div/div/main/div/div[1]/div[2]/div/div[1]/div[1]/div[1]/div[2]/div[1]/div[2]/ul/li[2]/a/div/span
[INFO ] 2022-11-26 11:36:46.363 [main] Log - VERIFY IF {all tops} CONTAINS {teeshirts}
[INFO ] 2022-11-26 11:36:46.363 [main] Log - VERIFY IF {UT} CONTAINS {teeshirts}
[INFO ] 2022-11-26 11:36:46.363 [main] Log - VERIFY IF {graphic t-shirts} CONTAINS {teeshirts}
[INFO ] 2022-11-26 11:36:46.363 [main] Log - VERIFY IF {sweatshirts & hoodies} CONTAINS {teeshirts}
[INFO ] 2022-11-26 11:36:46.363 [main] Log - VERIFY IF {polo shirts} CONTAINS {teeshirts}
[INFO ] 2022-11-26 11:36:46.363 [main] Log - VERIFY IF {casual shirts} CONTAINS {teeshirts}
[INFO ] 2022-11-26 11:36:46.363 [main] Log - VERIFY IF {dress shirts} CONTAINS {teeshirts}
[INFO ] 2022-11-26 11:36:46.363 [main] Log - VERIFY IF {cardigans} CONTAINS {teeshirts}
[INFO ] 2022-11-26 11:36:46.364 [main] Log - VERIFY IF {sweaters} CONTAINS {teeshirts}
[INFO ] 2022-11-26 11:36:46.364 [main] Log - VERIFY IF {fleece} CONTAINS {teeshirts}
[INFO ] 2022-11-26 11:36:46.364 [main] Log - VERIFY IF {all outerwear} CONTAINS {teeshirts}
[INFO ] 2022-11-26 11:36:46.364 [main] Log - VERIFY IF {blousons & parkas} CONTAINS {teeshirts}
[INFO ] 2022-11-26 11:36:46.364 [main] Log - VERIFY IF {jackets} CONTAINS {teeshirts}
[INFO ] 2022-11-26 11:36:46.364 [main] Log - VERIFY IF {coats} CONTAINS {teeshirts}
[INFO ] 2022-11-26 11:36:46.364 [main] Log - VERIFY IF {ultra light down} CONTAINS {teeshirts}
[INFO ] 2022-11-26 11:36:46.364 [main] Log - VERIFY IF {down jackets & coats} CONTAINS {teeshirts}
[INFO ] 2022-11-26 11:36:46.364 [main] Log - VERIFY IF {all pants} CONTAINS {teeshirts}
[INFO ] 2022-11-26 11:36:46.364 [main] Log - VERIFY IF {jeans & colored jeans} CONTAINS {teeshirts}
[INFO ] 2022-11-26 11:36:46.365 [main] Log - VERIFY IF {chinos} CONTAINS {teeshirts}
[INFO ] 2022-11-26 11:36:46.365 [main] Log - VERIFY IF {slacks & dress pants} CONTAINS {teeshirts}
[INFO ] 2022-11-26 11:36:46.365 [main] Log - VERIFY IF {relaxed pants} CONTAINS {teeshirts}
[INFO ] 2022-11-26 11:36:46.365 [main] Log - VERIFY IF {sweat pants} CONTAINS {teeshirts}
[INFO ] 2022-11-26 11:36:46.365 [main] Log - VERIFY IF {ankle pants} CONTAINS {teeshirts}
[INFO ] 2022-11-26 11:36:46.365 [main] Log - VERIFY IF {shorts} CONTAINS {teeshirts}
[INFO ] 2022-11-26 11:36:46.365 [main] Log - VERIFY IF {all innerwears & underwears} CONTAINS {teeshirts}
[INFO ] 2022-11-26 11:36:46.365 [main] Log - VERIFY IF {airism innerwear} CONTAINS {teeshirts}
[INFO ] 2022-11-26 11:36:46.365 [main] Log - VERIFY IF {heattech innerwear & thermal underwear} CONTAINS {teeshirts}
[INFO ] 2022-11-26 11:36:46.365 [main] Log - VERIFY IF {undershirts} CONTAINS {teeshirts}
[INFO ] 2022-11-26 11:36:46.365 [main] Log - VERIFY IF {leggings & tights} CONTAINS {teeshirts}
[INFO ] 2022-11-26 11:36:46.365 [main] Log - VERIFY IF {boxers & briefs} CONTAINS {teeshirts}
[INFO ] 2022-11-26 11:36:46.365 [main] Log - VERIFY IF {socks} CONTAINS {teeshirts}
[INFO ] 2022-11-26 11:36:46.365 [main] Log - VERIFY IF {all loungewear & homewear} CONTAINS {teeshirts}
[INFO ] 2022-11-26 11:36:46.365 [main] Log - VERIFY IF {loungewears & pajamas} CONTAINS {teeshirts}
[INFO ] 2022-11-26 11:36:46.365 [main] Log - VERIFY IF {room shoes} CONTAINS {teeshirts}
[INFO ] 2022-11-26 11:36:46.365 [main] Log - VERIFY IF {home accessories} CONTAINS {teeshirts}
[INFO ] 2022-11-26 11:36:46.365 [main] Log - VERIFY IF {sport utility wear} CONTAINS {teeshirts}
[INFO ] 2022-11-26 11:36:46.365 [main] Log - VERIFY IF {all accessories} CONTAINS {teeshirts}
[INFO ] 2022-11-26 11:36:46.365 [main] Log - VERIFY IF {airism masks} CONTAINS {teeshirts}
[INFO ] 2022-11-26 11:36:46.365 [main] Log - VERIFY IF {hats & caps} CONTAINS {teeshirts}
[INFO ] 2022-11-26 11:36:46.365 [main] Log - VERIFY IF {gloves} CONTAINS {teeshirts}
[INFO ] 2022-11-26 11:36:46.365 [main] Log - VERIFY IF {scarves} CONTAINS {teeshirts}
[INFO ] 2022-11-26 11:36:46.365 [main] Log - VERIFY IF {bags} CONTAINS {teeshirts}
[INFO ] 2022-11-26 11:36:46.365 [main] Log - VERIFY IF {belts} CONTAINS {teeshirts}
[INFO ] 2022-11-26 11:36:46.366 [main] Log - VERIFY IF {shoes & boots} CONTAINS {teeshirts}
[INFO ] 2022-11-26 11:36:46.366 [main] Log - VERIFY IF {umbrellas} CONTAINS {teeshirts}
[INFO ] 2022-11-26 11:36:46.366 [main] Log - VERIFY IF {sunglasses} CONTAINS {teeshirts}
[INFO ] 2022-11-26 11:36:46.366 [main] Log - VERIFY IF {others} CONTAINS {teeshirts}
[INFO ] 2022-11-26 11:36:46.366 [main] Log - VERIFY IF {women} CONTAINS {men}
[INFO ] 2022-11-26 11:36:46.393 [main] Log - HOVERED SELECTOR= //li[@data-test= "women-navItem"]/a[div/span[contains(text(), "women")]]
[INFO ] 2022-11-26 11:36:46.495 [main] Log - VERIFY IF {all outerwear} CONTAINS {teeshirts}
[INFO ] 2022-11-26 11:36:46.496 [main] Log - VERIFY IF {blousons & parkas} CONTAINS {teeshirts}
[INFO ] 2022-11-26 11:36:46.496 [main] Log - VERIFY IF {jackets} CONTAINS {teeshirts}
[INFO ] 2022-11-26 11:36:46.496 [main] Log - VERIFY IF {coats} CONTAINS {teeshirts}
[INFO ] 2022-11-26 11:36:46.496 [main] Log - VERIFY IF {ultra light down} CONTAINS {teeshirts}
[INFO ] 2022-11-26 11:36:46.496 [main] Log - VERIFY IF {fleece} CONTAINS {teeshirts}
[INFO ] 2022-11-26 11:36:46.496 [main] Log - VERIFY IF {down jackets & coats} CONTAINS {teeshirts}
[INFO ] 2022-11-26 11:36:46.496 [main] Log - VERIFY IF {all tops} CONTAINS {teeshirts}
[INFO ] 2022-11-26 11:36:46.496 [main] Log - VERIFY IF {t-shirts} CONTAINS {teeshirts}
[INFO ] 2022-11-26 11:36:46.496 [main] Log - VERIFY IF {ut} CONTAINS {teeshirts}
[INFO ] 2022-11-26 11:36:46.496 [main] Log - VERIFY IF {graphic t-shirts} CONTAINS {teeshirts}
[INFO ] 2022-11-26 11:36:46.496 [main] Log - VERIFY IF {sweatshirts & hoodies} CONTAINS {teeshirts}
[INFO ] 2022-11-26 11:36:46.496 [main] Log - VERIFY IF {shirts and blouses} CONTAINS {teeshirts}
[INFO ] 2022-11-26 11:36:46.496 [main] Log - VERIFY IF {cardigans} CONTAINS {teeshirts}
[INFO ] 2022-11-26 11:36:46.497 [main] Log - VERIFY IF {sweaters} CONTAINS {teeshirts}
[INFO ] 2022-11-26 11:36:46.497 [main] Log - VERIFY IF {fleece} CONTAINS {teeshirts}
[INFO ] 2022-11-26 11:36:46.497 [main] Log - VERIFY IF {all pants} CONTAINS {teeshirts}
[INFO ] 2022-11-26 11:36:46.497 [main] Log - VERIFY IF {jeans} CONTAINS {teeshirts}
[INFO ] 2022-11-26 11:36:46.497 [main] Log - VERIFY IF {leggings pants & jeggings} CONTAINS {teeshirts}
[INFO ] 2022-11-26 11:36:46.497 [main] Log - VERIFY IF {wide leg pants} CONTAINS {teeshirts}
[INFO ] 2022-11-26 11:36:46.497 [main] Log - VERIFY IF {trousers} CONTAINS {teeshirts}
[INFO ] 2022-11-26 11:36:46.497 [main] Log - VERIFY IF {sweat pants} CONTAINS {teeshirts}
[INFO ] 2022-11-26 11:36:46.497 [main] Log - VERIFY IF {casual pants} CONTAINS {teeshirts}
[INFO ] 2022-11-26 11:36:46.497 [main] Log - VERIFY IF {ankle & cropped pants} CONTAINS {teeshirts}
[INFO ] 2022-11-26 11:36:46.497 [main] Log - VERIFY IF {shorts} CONTAINS {teeshirts}
[INFO ] 2022-11-26 11:36:46.497 [main] Log - VERIFY IF {skirts} CONTAINS {teeshirts}
[INFO ] 2022-11-26 11:36:46.497 [main] Log - VERIFY IF {sport utility wear} CONTAINS {teeshirts}
[INFO ] 2022-11-26 11:36:46.497 [main] Log - VERIFY IF {dresses & jumpsuits} CONTAINS {teeshirts}
[INFO ] 2022-11-26 11:36:46.497 [main] Log - VERIFY IF {all accessories} CONTAINS {teeshirts}
[INFO ] 2022-11-26 11:36:46.497 [main] Log - VERIFY IF {airism masks} CONTAINS {teeshirts}
[INFO ] 2022-11-26 11:36:46.497 [main] Log - VERIFY IF {hats & caps} CONTAINS {teeshirts}
[INFO ] 2022-11-26 11:36:46.497 [main] Log - VERIFY IF {gloves} CONTAINS {teeshirts}
[INFO ] 2022-11-26 11:36:46.498 [main] Log - VERIFY IF {scarves} CONTAINS {teeshirts}
[INFO ] 2022-11-26 11:36:46.498 [main] Log - VERIFY IF {bags} CONTAINS {teeshirts}
[INFO ] 2022-11-26 11:36:46.498 [main] Log - VERIFY IF {belts} CONTAINS {teeshirts}
[INFO ] 2022-11-26 11:36:46.498 [main] Log - VERIFY IF {shoes & boots} CONTAINS {teeshirts}
[INFO ] 2022-11-26 11:36:46.498 [main] Log - VERIFY IF {umbrellas} CONTAINS {teeshirts}
[INFO ] 2022-11-26 11:36:46.498 [main] Log - VERIFY IF {sunglasses} CONTAINS {teeshirts}
[INFO ] 2022-11-26 11:36:46.498 [main] Log - VERIFY IF {others} CONTAINS {teeshirts}
[INFO ] 2022-11-26 11:36:46.498 [main] Log - VERIFY IF {all innerwear & underwear} CONTAINS {teeshirts}
[INFO ] 2022-11-26 11:36:46.498 [main] Log - VERIFY IF {bra} CONTAINS {teeshirts}
[INFO ] 2022-11-26 11:36:46.498 [main] Log - VERIFY IF {bra tops & camisoles} CONTAINS {teeshirts}
[INFO ] 2022-11-26 11:36:46.498 [main] Log - VERIFY IF {airism innerwear} CONTAINS {teeshirts}
[INFO ] 2022-11-26 11:36:46.498 [main] Log - VERIFY IF {heattech innerwear & thermal underwear} CONTAINS {teeshirts}
[INFO ] 2022-11-26 11:36:46.498 [main] Log - VERIFY IF {undershirts} CONTAINS {teeshirts}
[INFO ] 2022-11-26 11:36:46.498 [main] Log - VERIFY IF {leggings & tights} CONTAINS {teeshirts}
[INFO ] 2022-11-26 11:36:46.498 [main] Log - VERIFY IF {underwear} CONTAINS {teeshirts}
[INFO ] 2022-11-26 11:36:46.498 [main] Log - VERIFY IF {socks} CONTAINS {teeshirts}
[INFO ] 2022-11-26 11:36:46.498 [main] Log - VERIFY IF {all loungewear & homewear} CONTAINS {teeshirts}
[INFO ] 2022-11-26 11:36:46.498 [main] Log - VERIFY IF {loungewear & pajamas} CONTAINS {teeshirts}
[INFO ] 2022-11-26 11:36:46.498 [main] Log - VERIFY IF {room shoes} CONTAINS {teeshirts}
[INFO ] 2022-11-26 11:36:46.498 [main] Log - VERIFY IF {maternity clothes} CONTAINS {teeshirts}
[INFO ] 2022-11-26 11:36:46.499 [main] Log - VERIFY IF {kids} CONTAINS {men}
[INFO ] 2022-11-26 11:36:46.499 [main] Log - VERIFY IF {baby} CONTAINS {men}
[INFO ] 2022-11-26 11:36:46.507 [main] Log - DELETED ALL COOKIES >>
[WARN ] 2022-11-26 11:36:46.537 [main] Log - REPELLED BROWSER >>
[INFO ] 2022-11-26 11:57:21.942 [main] Log - NORMALIZED STR: Mac OS X
[INFO ] 2022-11-26 11:57:21.943 [main] Log - {mac os x} CONTAINED {mac os x}
[INFO ] 2022-11-26 11:57:21.943 [main] Log - NORMALIZED STR: Mac OS X
[INFO ] 2022-11-26 11:57:21.943 [main] Log - {mac os x} CONTAINED {mac os x}
[INFO ] 2022-11-26 11:57:21.943 [main] Log - NORMALIZED STR: Mac OS X
[INFO ] 2022-11-26 11:57:21.943 [main] Log - {mac os x} CONTAINED {mac os x}
[INFO ] 2022-11-26 11:57:21.944 [main] Log - NORMALIZED STR: Mac OS X
[INFO ] 2022-11-26 11:57:21.944 [main] Log - {mac os x} CONTAINED {mac os x}
[INFO ] 2022-11-26 11:57:21.944 [main] Log - GOT PROPERTIES FILE >>
[INFO ] 2022-11-26 11:57:21.944 [main] Log - NORMALIZED STR: safari
[INFO ] 2022-11-26 11:57:21.944 [main] Log - NORMALIZED STR: false
[INFO ] 2022-11-26 11:57:21.944 [main] Log - NORMALIZED STR: https://www.uniqlo.com/vn/en/
[INFO ] 2022-11-26 11:57:21.944 [main] Log - THE DESIGNATED BROWSER= safari
[INFO ] 2022-11-26 11:57:26.854 [main] Log - TRIGGER BROWSER >>
[INFO ] 2022-11-26 11:57:26.856 [main] Log - {men} CONTAINED {men}
[INFO ] 2022-11-26 11:57:26.880 [main] Log - HOVERED SELECTOR= //li[@data-test= "men-navItem"]/a[div/span[contains(text(), "men")]]
[INFO ] 2022-11-26 11:57:27.300 [main] Log - {teeshirts} CONTAINED {teeshirts}
[INFO ] 2022-11-26 11:57:27.300 [main] Log - ABOUT TO CLICK ON T-SHIRTS CATEGORY >>   
[INFO ] 2022-11-26 11:57:27.336 [main] Log - FOUND SELECTOR= (//div[contains(@class, "global-nav")])[3]//span[contains(text(), "T-shirts")][parent::div[parent::a[contains(@href, "/vn/en/men/tops/t-shirts")]]]
[INFO ] 2022-11-26 11:57:27.447 [main] Log - CLICK ON SELECTOR= (//div[contains(@class, "global-nav")])[3]//span[contains(text(), "T-shirts")][parent::div[parent::a[contains(@href, "/vn/en/men/tops/t-shirts")]]]
[INFO ] 2022-11-26 11:57:27.447 [main] Log - {women} CONTAINED {men}
[INFO ] 2022-11-26 11:57:27.461 [main] Log - HOVERED SELECTOR= //li[@data-test= "women-navItem"]/a[div/span[contains(text(), "women")]]
[INFO ] 2022-11-26 11:57:27.571 [main] Log - DELETED ALL COOKIES >>
[WARN ] 2022-11-26 11:57:27.592 [main] Log - REPELLED BROWSER >>
[INFO ] 2022-11-26 11:57:36.666 [main] Log - NORMALIZED STR: Mac OS X
[INFO ] 2022-11-26 11:57:36.667 [main] Log - {mac os x} CONTAINED {mac os x}
[INFO ] 2022-11-26 11:57:36.668 [main] Log - NORMALIZED STR: Mac OS X
[INFO ] 2022-11-26 11:57:36.668 [main] Log - {mac os x} CONTAINED {mac os x}
[INFO ] 2022-11-26 11:57:36.668 [main] Log - NORMALIZED STR: Mac OS X
[INFO ] 2022-11-26 11:57:36.668 [main] Log - {mac os x} CONTAINED {mac os x}
[INFO ] 2022-11-26 11:57:36.668 [main] Log - NORMALIZED STR: Mac OS X
[INFO ] 2022-11-26 11:57:36.668 [main] Log - {mac os x} CONTAINED {mac os x}
[INFO ] 2022-11-26 11:57:36.668 [main] Log - GOT PROPERTIES FILE >>
[INFO ] 2022-11-26 11:57:36.668 [main] Log - NORMALIZED STR: firefox
[INFO ] 2022-11-26 11:57:36.668 [main] Log - NORMALIZED STR: false
[INFO ] 2022-11-26 11:57:36.668 [main] Log - NORMALIZED STR: https://www.uniqlo.com/vn/en/
[INFO ] 2022-11-26 11:57:36.668 [main] Log - THE DESIGNATED BROWSER= firefox
[INFO ] 2022-11-26 11:57:42.164 [main] Log - TRIGGER BROWSER >>
[INFO ] 2022-11-26 11:57:42.166 [main] Log - {men} CONTAINED {men}
[INFO ] 2022-11-26 11:57:42.719 [main] Log - HOVERED SELECTOR= //li[@data-test= "men-navItem"]/a[div/span[contains(text(), "men")]]
[INFO ] 2022-11-26 11:57:42.981 [main] Log - {teeshirts} CONTAINED {teeshirts}
[INFO ] 2022-11-26 11:57:42.982 [main] Log - ABOUT TO CLICK ON T-SHIRTS CATEGORY >>   
[INFO ] 2022-11-26 11:57:43.001 [main] Log - FOUND SELECTOR= (//div[contains(@class, "global-nav")])[3]//span[contains(text(), "T-shirts")][parent::div[parent::a[contains(@href, "/vn/en/men/tops/t-shirts")]]]
[INFO ] 2022-11-26 11:57:43.219 [main] Log - CLICK ON SELECTOR= (//div[contains(@class, "global-nav")])[3]//span[contains(text(), "T-shirts")][parent::div[parent::a[contains(@href, "/vn/en/men/tops/t-shirts")]]]
[INFO ] 2022-11-26 11:57:43.219 [main] Log - {women} CONTAINED {men}
[INFO ] 2022-11-26 11:57:43.241 [main] Log - HOVERED SELECTOR= //li[@data-test= "women-navItem"]/a[div/span[contains(text(), "women")]]
[INFO ] 2022-11-26 11:57:43.324 [main] Log - DELETED ALL COOKIES >>
[WARN ] 2022-11-26 11:57:43.961 [main] Log - REPELLED BROWSER >>
[INFO ] 2022-11-26 11:58:54.697 [main] Log - NORMALIZED STR: Mac OS X
[INFO ] 2022-11-26 11:58:54.698 [main] Log - {mac os x} CONTAINED {mac os x}
[INFO ] 2022-11-26 11:58:54.698 [main] Log - NORMALIZED STR: Mac OS X
[INFO ] 2022-11-26 11:58:54.698 [main] Log - {mac os x} CONTAINED {mac os x}
[INFO ] 2022-11-26 11:58:54.698 [main] Log - NORMALIZED STR: Mac OS X
[INFO ] 2022-11-26 11:58:54.698 [main] Log - {mac os x} CONTAINED {mac os x}
[INFO ] 2022-11-26 11:58:54.698 [main] Log - NORMALIZED STR: Mac OS X
[INFO ] 2022-11-26 11:58:54.698 [main] Log - {mac os x} CONTAINED {mac os x}
[INFO ] 2022-11-26 11:58:54.698 [main] Log - GOT PROPERTIES FILE >>
[INFO ] 2022-11-26 11:58:54.699 [main] Log - NORMALIZED STR: firefox
[INFO ] 2022-11-26 11:58:54.699 [main] Log - NORMALIZED STR: false
[INFO ] 2022-11-26 11:58:54.699 [main] Log - NORMALIZED STR: https://www.uniqlo.com/vn/en/
[INFO ] 2022-11-26 11:58:54.699 [main] Log - THE DESIGNATED BROWSER= firefox
[INFO ] 2022-11-26 11:59:00.430 [main] Log - TRIGGER BROWSER >>
[INFO ] 2022-11-26 11:59:00.432 [main] Log - {men} CONTAINED {men}
[INFO ] 2022-11-26 11:59:00.726 [main] Log - HOVERED SELECTOR= //li[@data-test= "men-navItem"]/a[div/span[contains(text(), "men")]]
[INFO ] 2022-11-26 11:59:00.808 [main] Log - ABOUT TO CLICK ON T-SHIRTS CATEGORY >>   
[INFO ] 2022-11-26 11:59:00.835 [main] Log - FOUND SELECTOR= (//div[contains(@class, "global-nav")])[3]//span[contains(text(), "T-shirts")][parent::div[parent::a[contains(@href, "/vn/en/men/tops/t-shirts")]]]
[INFO ] 2022-11-26 11:59:00.980 [main] Log - CLICK ON SELECTOR= (//div[contains(@class, "global-nav")])[3]//span[contains(text(), "T-shirts")][parent::div[parent::a[contains(@href, "/vn/en/men/tops/t-shirts")]]]
[INFO ] 2022-11-26 11:59:00.994 [main] Log - DELETED ALL COOKIES >>
[WARN ] 2022-11-26 11:59:01.331 [main] Log - REPELLED BROWSER >>
[INFO ] 2022-11-26 12:01:44.165 [main] Log - NORMALIZED STR: Mac OS X
[INFO ] 2022-11-26 12:01:44.166 [main] Log - {mac os x} CONTAINED {mac os x}
[INFO ] 2022-11-26 12:01:44.166 [main] Log - NORMALIZED STR: Mac OS X
[INFO ] 2022-11-26 12:01:44.166 [main] Log - {mac os x} CONTAINED {mac os x}
[INFO ] 2022-11-26 12:01:44.166 [main] Log - NORMALIZED STR: Mac OS X
[INFO ] 2022-11-26 12:01:44.166 [main] Log - {mac os x} CONTAINED {mac os x}
[INFO ] 2022-11-26 12:01:44.166 [main] Log - NORMALIZED STR: Mac OS X
[INFO ] 2022-11-26 12:01:44.166 [main] Log - {mac os x} CONTAINED {mac os x}
[INFO ] 2022-11-26 12:01:44.166 [main] Log - GOT PROPERTIES FILE >>
[INFO ] 2022-11-26 12:01:44.167 [main] Log - NORMALIZED STR: firefox
[INFO ] 2022-11-26 12:01:44.167 [main] Log - NORMALIZED STR: false
[INFO ] 2022-11-26 12:01:44.167 [main] Log - NORMALIZED STR: https://www.uniqlo.com/vn/en/
[INFO ] 2022-11-26 12:01:44.167 [main] Log - THE DESIGNATED BROWSER= firefox
[INFO ] 2022-11-26 12:01:49.840 [main] Log - TRIGGER BROWSER >>
[INFO ] 2022-11-26 12:01:49.842 [main] Log - {men} CONTAINED {men}
[INFO ] 2022-11-26 12:01:50.145 [main] Log - HOVERED SELECTOR= //li[@data-test= "men-navItem"]/a[div/span[contains(text(), "men")]]
[INFO ] 2022-11-26 12:01:50.261 [main] Log - ABOUT TO CLICK ON T-SHIRTS CATEGORY >>   
[INFO ] 2022-11-26 12:01:50.274 [main] Log - FOUND SELECTOR= (//div[contains(@class, "global-nav")])[3]//span[contains(text(), "T-shirts")][parent::div[parent::a[contains(@href, "/vn/en/men/tops/t-shirts")]]]
[INFO ] 2022-11-26 12:01:50.452 [main] Log - CLICK ON SELECTOR= (//div[contains(@class, "global-nav")])[3]//span[contains(text(), "T-shirts")][parent::div[parent::a[contains(@href, "/vn/en/men/tops/t-shirts")]]]
[INFO ] 2022-11-26 12:01:51.362 [main] Log - BREADCRUMB CONTAINED {MEN} >>   
[INFO ] 2022-11-26 12:01:51.367 [main] Log - BREADCRUMB CONTAINED {T-shirts} >>   
[INFO ] 2022-11-26 12:01:51.375 [main] Log - BREADCRUMB CONTAINED {} >>   
[INFO ] 2022-11-26 12:01:51.379 [main] Log - DELETED ALL COOKIES >>
[WARN ] 2022-11-26 12:01:51.687 [main] Log - REPELLED BROWSER >>
[INFO ] 2022-11-26 12:02:40.585 [main] Log - NORMALIZED STR: Mac OS X
[INFO ] 2022-11-26 12:02:40.586 [main] Log - {mac os x} CONTAINED {mac os x}
[INFO ] 2022-11-26 12:02:40.586 [main] Log - NORMALIZED STR: Mac OS X
[INFO ] 2022-11-26 12:02:40.586 [main] Log - {mac os x} CONTAINED {mac os x}
[INFO ] 2022-11-26 12:02:40.586 [main] Log - NORMALIZED STR: Mac OS X
[INFO ] 2022-11-26 12:02:40.586 [main] Log - {mac os x} CONTAINED {mac os x}
[INFO ] 2022-11-26 12:02:40.587 [main] Log - NORMALIZED STR: Mac OS X
[INFO ] 2022-11-26 12:02:40.587 [main] Log - {mac os x} CONTAINED {mac os x}
[INFO ] 2022-11-26 12:02:40.587 [main] Log - GOT PROPERTIES FILE >>
[INFO ] 2022-11-26 12:02:40.587 [main] Log - NORMALIZED STR: firefox
[INFO ] 2022-11-26 12:02:40.587 [main] Log - NORMALIZED STR: false
[INFO ] 2022-11-26 12:02:40.587 [main] Log - NORMALIZED STR: https://www.uniqlo.com/vn/en/
[INFO ] 2022-11-26 12:02:40.587 [main] Log - THE DESIGNATED BROWSER= firefox
[INFO ] 2022-11-26 12:02:45.720 [main] Log - TRIGGER BROWSER >>
[INFO ] 2022-11-26 12:02:45.723 [main] Log - {men} CONTAINED {men}
[INFO ] 2022-11-26 12:03:15.142 [main] Log - NORMALIZED STR: Mac OS X
[INFO ] 2022-11-26 12:03:15.143 [main] Log - {mac os x} CONTAINED {mac os x}
[INFO ] 2022-11-26 12:03:15.143 [main] Log - NORMALIZED STR: Mac OS X
[INFO ] 2022-11-26 12:03:15.143 [main] Log - {mac os x} CONTAINED {mac os x}
[INFO ] 2022-11-26 12:03:15.143 [main] Log - NORMALIZED STR: Mac OS X
[INFO ] 2022-11-26 12:03:15.143 [main] Log - {mac os x} CONTAINED {mac os x}
[INFO ] 2022-11-26 12:03:15.143 [main] Log - NORMALIZED STR: Mac OS X
[INFO ] 2022-11-26 12:03:15.144 [main] Log - {mac os x} CONTAINED {mac os x}
[INFO ] 2022-11-26 12:03:15.144 [main] Log - GOT PROPERTIES FILE >>
[INFO ] 2022-11-26 12:03:15.144 [main] Log - NORMALIZED STR: firefox
[INFO ] 2022-11-26 12:03:15.144 [main] Log - NORMALIZED STR: false
[INFO ] 2022-11-26 12:03:15.144 [main] Log - NORMALIZED STR: https://www.uniqlo.com/vn/en/
[INFO ] 2022-11-26 12:03:15.144 [main] Log - THE DESIGNATED BROWSER= firefox
[INFO ] 2022-11-26 12:03:19.670 [main] Log - TRIGGER BROWSER >>
[INFO ] 2022-11-26 12:03:19.672 [main] Log - {men} CONTAINED {men}
[INFO ] 2022-11-26 12:03:40.946 [main] Log - NORMALIZED STR: Mac OS X
[INFO ] 2022-11-26 12:03:40.947 [main] Log - {mac os x} CONTAINED {mac os x}
[INFO ] 2022-11-26 12:03:40.948 [main] Log - NORMALIZED STR: Mac OS X
[INFO ] 2022-11-26 12:03:40.948 [main] Log - {mac os x} CONTAINED {mac os x}
[INFO ] 2022-11-26 12:03:40.948 [main] Log - NORMALIZED STR: Mac OS X
[INFO ] 2022-11-26 12:03:40.948 [main] Log - {mac os x} CONTAINED {mac os x}
[INFO ] 2022-11-26 12:03:40.948 [main] Log - NORMALIZED STR: Mac OS X
[INFO ] 2022-11-26 12:03:40.948 [main] Log - {mac os x} CONTAINED {mac os x}
[INFO ] 2022-11-26 12:03:40.948 [main] Log - GOT PROPERTIES FILE >>
[INFO ] 2022-11-26 12:03:40.948 [main] Log - NORMALIZED STR: firefox
[INFO ] 2022-11-26 12:03:40.948 [main] Log - NORMALIZED STR: false
[INFO ] 2022-11-26 12:03:40.948 [main] Log - NORMALIZED STR: https://www.uniqlo.com/vn/en/
[INFO ] 2022-11-26 12:03:40.948 [main] Log - THE DESIGNATED BROWSER= firefox
[INFO ] 2022-11-26 12:03:45.793 [main] Log - TRIGGER BROWSER >>
[INFO ] 2022-11-26 12:03:45.797 [main] Log - {men} CONTAINED {men}
[INFO ] 2022-11-26 12:03:46.350 [main] Log - HOVERED SELECTOR= //li[@data-test= "men-navItem"]/a[div/span[contains(text(), "men")]]
[INFO ] 2022-11-26 12:03:46.561 [main] Log - ABOUT TO CLICK ON T-SHIRTS CATEGORY >>   
[INFO ] 2022-11-26 12:03:46.578 [main] Log - FOUND SELECTOR= (//div[contains(@class, "global-nav")])[3]//span[contains(text(), "T-shirts")][parent::div[parent::a[contains(@href, "/vn/en/men/tops/t-shirts")]]]
[INFO ] 2022-11-26 12:03:46.738 [main] Log - CLICK ON SELECTOR= (//div[contains(@class, "global-nav")])[3]//span[contains(text(), "T-shirts")][parent::div[parent::a[contains(@href, "/vn/en/men/tops/t-shirts")]]]
[INFO ] 2022-11-26 12:03:46.907 [main] Log - BREADCRUMB CONTAINED MEN LABEL {MEN} >>   
[INFO ] 2022-11-26 12:03:46.911 [main] Log - BREADCRUMB CONTAINED T-SHIRTS LABEL {T-shirts} >>   
[INFO ] 2022-11-26 12:03:46.917 [main] Log - BREADCRUMB CONTAINED HEADING {} >>   
[INFO ] 2022-11-26 12:03:46.921 [main] Log - DELETED ALL COOKIES >>
[WARN ] 2022-11-26 12:03:47.612 [main] Log - REPELLED BROWSER >>
[INFO ] 2022-11-26 12:07:19.798 [main] Log - NORMALIZED STR: Mac OS X
[INFO ] 2022-11-26 12:07:19.799 [main] Log - {mac os x} CONTAINED {mac os x}
[INFO ] 2022-11-26 12:07:19.799 [main] Log - NORMALIZED STR: Mac OS X
[INFO ] 2022-11-26 12:07:19.799 [main] Log - {mac os x} CONTAINED {mac os x}
[INFO ] 2022-11-26 12:07:19.799 [main] Log - NORMALIZED STR: Mac OS X
[INFO ] 2022-11-26 12:07:19.799 [main] Log - {mac os x} CONTAINED {mac os x}
[INFO ] 2022-11-26 12:07:19.800 [main] Log - NORMALIZED STR: Mac OS X
[INFO ] 2022-11-26 12:07:19.800 [main] Log - {mac os x} CONTAINED {mac os x}
[INFO ] 2022-11-26 12:07:19.800 [main] Log - GOT PROPERTIES FILE >>
[INFO ] 2022-11-26 12:07:19.800 [main] Log - NORMALIZED STR: firefox
[INFO ] 2022-11-26 12:07:19.800 [main] Log - NORMALIZED STR: false
[INFO ] 2022-11-26 12:07:19.800 [main] Log - NORMALIZED STR: https://www.uniqlo.com/vn/en/
[INFO ] 2022-11-26 12:07:19.800 [main] Log - THE DESIGNATED BROWSER= firefox
[INFO ] 2022-11-26 12:07:27.376 [main] Log - TRIGGER BROWSER >>
[INFO ] 2022-11-26 12:07:27.378 [main] Log - {men} CONTAINED {men}
[INFO ] 2022-11-26 12:07:35.228 [main] Log - NORMALIZED STR: Mac OS X
[INFO ] 2022-11-26 12:07:35.228 [main] Log - {mac os x} CONTAINED {mac os x}
[INFO ] 2022-11-26 12:07:35.229 [main] Log - NORMALIZED STR: Mac OS X
[INFO ] 2022-11-26 12:07:35.229 [main] Log - {mac os x} CONTAINED {mac os x}
[INFO ] 2022-11-26 12:07:35.229 [main] Log - NORMALIZED STR: Mac OS X
[INFO ] 2022-11-26 12:07:35.229 [main] Log - {mac os x} CONTAINED {mac os x}
[INFO ] 2022-11-26 12:07:35.229 [main] Log - NORMALIZED STR: Mac OS X
[INFO ] 2022-11-26 12:07:35.229 [main] Log - {mac os x} CONTAINED {mac os x}
[INFO ] 2022-11-26 12:07:35.229 [main] Log - GOT PROPERTIES FILE >>
[INFO ] 2022-11-26 12:07:35.229 [main] Log - NORMALIZED STR: firefox
[INFO ] 2022-11-26 12:07:35.229 [main] Log - NORMALIZED STR: false
[INFO ] 2022-11-26 12:07:35.229 [main] Log - NORMALIZED STR: https://www.uniqlo.com/vn/en/
[INFO ] 2022-11-26 12:07:35.230 [main] Log - THE DESIGNATED BROWSER= firefox
[INFO ] 2022-11-26 12:07:39.959 [main] Log - TRIGGER BROWSER >>
[INFO ] 2022-11-26 12:07:39.961 [main] Log - {men} CONTAINED {men}
[INFO ] 2022-11-26 12:07:40.268 [main] Log - HOVERED SELECTOR= //li[@data-test= "men-navItem"]/a[div/span[contains(text(), "men")]]
[INFO ] 2022-11-26 12:07:40.457 [main] Log - ABOUT TO CLICK ON T-SHIRTS CATEGORY >>   
[INFO ] 2022-11-26 12:07:40.467 [main] Log - FOUND SELECTOR= (//div[contains(@class, "global-nav")])[3]//span[contains(text(), "T-shirts")][parent::div[parent::a[contains(@href, "/vn/en/men/tops/t-shirts")]]]
[INFO ] 2022-11-26 12:07:40.601 [main] Log - CLICK ON SELECTOR= (//div[contains(@class, "global-nav")])[3]//span[contains(text(), "T-shirts")][parent::div[parent::a[contains(@href, "/vn/en/men/tops/t-shirts")]]]
[INFO ] 2022-11-26 12:07:40.715 [main] Log - BREADCRUMB CONTAINED MEN LABEL {MEN} >>   
[INFO ] 2022-11-26 12:07:40.719 [main] Log - BREADCRUMB CONTAINED T-SHIRTS LABEL {T-shirts} >>   
[INFO ] 2022-11-26 12:07:48.076 [main] Log - BREADCRUMB CONTAINED HEADING {MEN} >>   
[INFO ] 2022-11-26 12:07:48.089 [main] Log - DELETED ALL COOKIES >>
[WARN ] 2022-11-26 12:07:48.448 [main] Log - REPELLED BROWSER >>
[INFO ] 2022-11-26 12:08:17.489 [main] Log - NORMALIZED STR: Mac OS X
[INFO ] 2022-11-26 12:08:17.489 [main] Log - {mac os x} CONTAINED {mac os x}
[INFO ] 2022-11-26 12:08:17.490 [main] Log - NORMALIZED STR: Mac OS X
[INFO ] 2022-11-26 12:08:17.490 [main] Log - {mac os x} CONTAINED {mac os x}
[INFO ] 2022-11-26 12:08:17.490 [main] Log - NORMALIZED STR: Mac OS X
[INFO ] 2022-11-26 12:08:17.490 [main] Log - {mac os x} CONTAINED {mac os x}
[INFO ] 2022-11-26 12:08:17.490 [main] Log - NORMALIZED STR: Mac OS X
[INFO ] 2022-11-26 12:08:17.490 [main] Log - {mac os x} CONTAINED {mac os x}
[INFO ] 2022-11-26 12:08:17.490 [main] Log - GOT PROPERTIES FILE >>
[INFO ] 2022-11-26 12:08:17.490 [main] Log - NORMALIZED STR: firefox
[INFO ] 2022-11-26 12:08:17.490 [main] Log - NORMALIZED STR: false
[INFO ] 2022-11-26 12:08:17.490 [main] Log - NORMALIZED STR: https://www.uniqlo.com/vn/en/
[INFO ] 2022-11-26 12:08:17.490 [main] Log - THE DESIGNATED BROWSER= firefox
[INFO ] 2022-11-26 12:08:22.970 [main] Log - TRIGGER BROWSER >>
[INFO ] 2022-11-26 12:08:22.972 [main] Log - {men} CONTAINED {men}
[INFO ] 2022-11-26 12:08:23.356 [main] Log - HOVERED SELECTOR= //li[@data-test= "men-navItem"]/a[div/span[contains(text(), "men")]]
[INFO ] 2022-11-26 12:08:23.529 [main] Log - ABOUT TO CLICK ON T-SHIRTS CATEGORY >>   
[INFO ] 2022-11-26 12:08:23.552 [main] Log - FOUND SELECTOR= (//div[contains(@class, "global-nav")])[3]//span[contains(text(), "T-shirts")][parent::div[parent::a[contains(@href, "/vn/en/men/tops/t-shirts")]]]
[INFO ] 2022-11-26 12:08:23.717 [main] Log - CLICK ON SELECTOR= (//div[contains(@class, "global-nav")])[3]//span[contains(text(), "T-shirts")][parent::div[parent::a[contains(@href, "/vn/en/men/tops/t-shirts")]]]
[INFO ] 2022-11-26 12:08:23.911 [main] Log - BREADCRUMB CONTAINED MEN LABEL {MEN} >>   
[INFO ] 2022-11-26 12:08:23.915 [main] Log - BREADCRUMB CONTAINED T-SHIRTS LABEL {T-shirts} >>   
[INFO ] 2022-11-26 12:08:23.921 [main] Log - BREADCRUMB CONTAINED HEADING {MEN} >>   
[INFO ] 2022-11-26 12:08:23.924 [main] Log - DELETED ALL COOKIES >>
[WARN ] 2022-11-26 12:08:24.563 [main] Log - REPELLED BROWSER >>
[INFO ] 2022-11-26 12:09:30.679 [main] Log - NORMALIZED STR: Mac OS X
[INFO ] 2022-11-26 12:09:30.679 [main] Log - {mac os x} CONTAINED {mac os x}
[INFO ] 2022-11-26 12:09:30.680 [main] Log - NORMALIZED STR: Mac OS X
[INFO ] 2022-11-26 12:09:30.680 [main] Log - {mac os x} CONTAINED {mac os x}
[INFO ] 2022-11-26 12:09:30.680 [main] Log - NORMALIZED STR: Mac OS X
[INFO ] 2022-11-26 12:09:30.680 [main] Log - {mac os x} CONTAINED {mac os x}
[INFO ] 2022-11-26 12:09:30.680 [main] Log - NORMALIZED STR: Mac OS X
[INFO ] 2022-11-26 12:09:30.680 [main] Log - {mac os x} CONTAINED {mac os x}
[INFO ] 2022-11-26 12:09:30.680 [main] Log - GOT PROPERTIES FILE >>
[INFO ] 2022-11-26 12:09:30.680 [main] Log - NORMALIZED STR: firefox
[INFO ] 2022-11-26 12:09:30.681 [main] Log - NORMALIZED STR: false
[INFO ] 2022-11-26 12:09:30.681 [main] Log - NORMALIZED STR: https://www.uniqlo.com/vn/en/
[INFO ] 2022-11-26 12:09:30.681 [main] Log - THE DESIGNATED BROWSER= firefox
[INFO ] 2022-11-26 12:09:35.180 [main] Log - TRIGGER BROWSER >>
[INFO ] 2022-11-26 12:09:35.182 [main] Log - {men} CONTAINED {men}
[INFO ] 2022-11-26 12:09:44.891 [main] Log - NORMALIZED STR: Mac OS X
[INFO ] 2022-11-26 12:09:44.892 [main] Log - {mac os x} CONTAINED {mac os x}
[INFO ] 2022-11-26 12:09:44.892 [main] Log - NORMALIZED STR: Mac OS X
[INFO ] 2022-11-26 12:09:44.893 [main] Log - {mac os x} CONTAINED {mac os x}
[INFO ] 2022-11-26 12:09:44.893 [main] Log - NORMALIZED STR: Mac OS X
[INFO ] 2022-11-26 12:09:44.893 [main] Log - {mac os x} CONTAINED {mac os x}
[INFO ] 2022-11-26 12:09:44.893 [main] Log - NORMALIZED STR: Mac OS X
[INFO ] 2022-11-26 12:09:44.893 [main] Log - {mac os x} CONTAINED {mac os x}
[INFO ] 2022-11-26 12:09:44.893 [main] Log - GOT PROPERTIES FILE >>
[INFO ] 2022-11-26 12:09:44.893 [main] Log - NORMALIZED STR: firefox
[INFO ] 2022-11-26 12:09:44.893 [main] Log - NORMALIZED STR: false
[INFO ] 2022-11-26 12:09:44.893 [main] Log - NORMALIZED STR: https://www.uniqlo.com/vn/en/
[INFO ] 2022-11-26 12:09:44.893 [main] Log - THE DESIGNATED BROWSER= firefox
[INFO ] 2022-11-26 12:09:49.519 [main] Log - TRIGGER BROWSER >>
[INFO ] 2022-11-26 12:10:05.830 [main] Log - {men} CONTAINED {men}
[INFO ] 2022-11-26 12:10:07.014 [main] Log - NORMALIZED STR: Mac OS X
[INFO ] 2022-11-26 12:10:07.015 [main] Log - {mac os x} CONTAINED {mac os x}
[INFO ] 2022-11-26 12:10:07.016 [main] Log - NORMALIZED STR: Mac OS X
[INFO ] 2022-11-26 12:10:07.016 [main] Log - {mac os x} CONTAINED {mac os x}
[INFO ] 2022-11-26 12:10:07.016 [main] Log - NORMALIZED STR: Mac OS X
[INFO ] 2022-11-26 12:10:07.016 [main] Log - {mac os x} CONTAINED {mac os x}
[INFO ] 2022-11-26 12:10:07.016 [main] Log - NORMALIZED STR: Mac OS X
[INFO ] 2022-11-26 12:10:07.016 [main] Log - {mac os x} CONTAINED {mac os x}
[INFO ] 2022-11-26 12:10:07.016 [main] Log - GOT PROPERTIES FILE >>
[INFO ] 2022-11-26 12:10:07.016 [main] Log - NORMALIZED STR: firefox
[INFO ] 2022-11-26 12:10:07.016 [main] Log - NORMALIZED STR: false
[INFO ] 2022-11-26 12:10:07.016 [main] Log - NORMALIZED STR: https://www.uniqlo.com/vn/en/
[INFO ] 2022-11-26 12:10:07.016 [main] Log - THE DESIGNATED BROWSER= firefox
[INFO ] 2022-11-26 12:10:11.355 [main] Log - TRIGGER BROWSER >>
[INFO ] 2022-11-26 12:10:15.786 [main] Log - {men} CONTAINED {men}
[INFO ] 2022-11-26 12:10:17.090 [main] Log - NORMALIZED STR: Mac OS X
[INFO ] 2022-11-26 12:10:17.091 [main] Log - {mac os x} CONTAINED {mac os x}
[INFO ] 2022-11-26 12:10:17.091 [main] Log - NORMALIZED STR: Mac OS X
[INFO ] 2022-11-26 12:10:17.092 [main] Log - {mac os x} CONTAINED {mac os x}
[INFO ] 2022-11-26 12:10:17.092 [main] Log - NORMALIZED STR: Mac OS X
[INFO ] 2022-11-26 12:10:17.092 [main] Log - {mac os x} CONTAINED {mac os x}
[INFO ] 2022-11-26 12:10:17.092 [main] Log - NORMALIZED STR: Mac OS X
[INFO ] 2022-11-26 12:10:17.092 [main] Log - {mac os x} CONTAINED {mac os x}
[INFO ] 2022-11-26 12:10:17.092 [main] Log - GOT PROPERTIES FILE >>
[INFO ] 2022-11-26 12:10:17.092 [main] Log - NORMALIZED STR: firefox
[INFO ] 2022-11-26 12:10:17.092 [main] Log - NORMALIZED STR: false
[INFO ] 2022-11-26 12:10:17.092 [main] Log - NORMALIZED STR: https://www.uniqlo.com/vn/en/
[INFO ] 2022-11-26 12:10:17.092 [main] Log - THE DESIGNATED BROWSER= firefox
[INFO ] 2022-11-26 12:10:22.802 [main] Log - TRIGGER BROWSER >>
[INFO ] 2022-11-26 12:10:56.102 [main] Log - {men} CONTAINED {men}
[INFO ] 2022-11-26 12:10:56.492 [main] Log - HOVERED SELECTOR= //li[@data-test= "men-navItem"]/a[div/span[contains(text(), "men")]]
[INFO ] 2022-11-26 12:10:57.593 [main] Log - ABOUT TO CLICK ON T-SHIRTS CATEGORY >>   
[INFO ] 2022-11-26 12:10:57.606 [main] Log - FOUND SELECTOR= (//div[contains(@class, "global-nav")])[3]//span[contains(text(), "T-shirts")][parent::div[parent::a[contains(@href, "/vn/en/men/tops/t-shirts")]]]
[INFO ] 2022-11-26 12:10:58.203 [main] Log - CLICK ON SELECTOR= (//div[contains(@class, "global-nav")])[3]//span[contains(text(), "T-shirts")][parent::div[parent::a[contains(@href, "/vn/en/men/tops/t-shirts")]]]
[INFO ] 2022-11-26 12:11:02.274 [main] Log - VERIFY IF {MEN} IS EQUAL TO {MEN}
[INFO ] 2022-11-26 12:11:02.277 [main] Log - BREADCRUMB CONTAINED MEN LABEL {MEN} >>   
[INFO ] 2022-11-26 12:11:02.282 [main] Log - VERIFY IF {T-SHIRTS} IS EQUAL TO {T-shirts}
[INFO ] 2022-11-26 12:11:02.282 [main] Log - BREADCRUMB CONTAINED T-SHIRTS LABEL {T-shirts} >>   
[INFO ] 2022-11-26 12:11:02.288 [main] Log - VERIFY IF {MEN} IS EQUAL TO {MEN}
[INFO ] 2022-11-26 12:11:02.288 [main] Log - BREADCRUMB CONTAINED HEADING {MEN} >>   
[INFO ] 2022-11-26 12:11:04.792 [main] Log - DELETED ALL COOKIES >>
[WARN ] 2022-11-26 12:11:05.109 [main] Log - REPELLED BROWSER >>
[INFO ] 2022-11-26 12:11:52.655 [main] Log - NORMALIZED STR: Mac OS X
[INFO ] 2022-11-26 12:11:52.656 [main] Log - {mac os x} CONTAINED {mac os x}
[INFO ] 2022-11-26 12:11:52.657 [main] Log - NORMALIZED STR: Mac OS X
[INFO ] 2022-11-26 12:11:52.657 [main] Log - {mac os x} CONTAINED {mac os x}
[INFO ] 2022-11-26 12:11:52.657 [main] Log - NORMALIZED STR: Mac OS X
[INFO ] 2022-11-26 12:11:52.657 [main] Log - {mac os x} CONTAINED {mac os x}
[INFO ] 2022-11-26 12:11:52.657 [main] Log - NORMALIZED STR: Mac OS X
[INFO ] 2022-11-26 12:11:52.657 [main] Log - {mac os x} CONTAINED {mac os x}
[INFO ] 2022-11-26 12:11:52.657 [main] Log - GOT PROPERTIES FILE >>
[INFO ] 2022-11-26 12:11:52.657 [main] Log - NORMALIZED STR: firefox
[INFO ] 2022-11-26 12:11:52.657 [main] Log - NORMALIZED STR: false
[INFO ] 2022-11-26 12:11:52.657 [main] Log - NORMALIZED STR: https://www.uniqlo.com/vn/en/
[INFO ] 2022-11-26 12:11:52.657 [main] Log - THE DESIGNATED BROWSER= firefox
[INFO ] 2022-11-26 12:11:57.800 [main] Log - TRIGGER BROWSER >>
[INFO ] 2022-11-26 12:11:57.802 [main] Log - {men} CONTAINED {men}
[INFO ] 2022-11-26 12:11:58.183 [main] Log - HOVERED SELECTOR= //li[@data-test= "men-navItem"]/a[div/span[contains(text(), "men")]]
[INFO ] 2022-11-26 12:11:58.352 [main] Log - ABOUT TO CLICK ON T-SHIRTS CATEGORY >>   
[INFO ] 2022-11-26 12:11:58.358 [main] Log - FOUND SELECTOR= (//div[contains(@class, "global-nav")])[3]//span[contains(text(), "T-shirts")][parent::div[parent::a[contains(@href, "/vn/en/men/tops/t-shirts")]]]
[INFO ] 2022-11-26 12:11:58.544 [main] Log - CLICK ON SELECTOR= (//div[contains(@class, "global-nav")])[3]//span[contains(text(), "T-shirts")][parent::div[parent::a[contains(@href, "/vn/en/men/tops/t-shirts")]]]
[INFO ] 2022-11-26 12:11:58.685 [main] Log - VERIFY IF {MEN} IS EQUAL TO {MEN}
[INFO ] 2022-11-26 12:11:58.687 [main] Log - BREADCRUMB CONTAINED MEN LABEL {MEN} >>   
[INFO ] 2022-11-26 12:11:58.690 [main] Log - VERIFY IF {T-SHIRTS} IS EQUAL TO {T-shirts}
[INFO ] 2022-11-26 12:11:58.690 [main] Log - BREADCRUMB CONTAINED T-SHIRTS LABEL {T-shirts} >>   
[INFO ] 2022-11-26 12:11:58.966 [main] Log - VERIFY IF {MEN} IS EQUAL TO {MEN}
[INFO ] 2022-11-26 12:11:58.966 [main] Log - BREADCRUMB CONTAINED HEADING {MEN} >>   
[INFO ] 2022-11-26 12:11:58.970 [main] Log - DELETED ALL COOKIES >>
[WARN ] 2022-11-26 12:11:59.395 [main] Log - REPELLED BROWSER >>
[INFO ] 2022-11-26 12:12:14.242 [main] Log - NORMALIZED STR: Mac OS X
[INFO ] 2022-11-26 12:12:14.243 [main] Log - {mac os x} CONTAINED {mac os x}
[INFO ] 2022-11-26 12:12:14.243 [main] Log - NORMALIZED STR: Mac OS X
[INFO ] 2022-11-26 12:12:14.243 [main] Log - {mac os x} CONTAINED {mac os x}
[INFO ] 2022-11-26 12:12:14.243 [main] Log - NORMALIZED STR: Mac OS X
[INFO ] 2022-11-26 12:12:14.243 [main] Log - {mac os x} CONTAINED {mac os x}
[INFO ] 2022-11-26 12:12:14.243 [main] Log - NORMALIZED STR: Mac OS X
[INFO ] 2022-11-26 12:12:14.243 [main] Log - {mac os x} CONTAINED {mac os x}
[INFO ] 2022-11-26 12:12:14.243 [main] Log - GOT PROPERTIES FILE >>
[INFO ] 2022-11-26 12:12:14.244 [main] Log - NORMALIZED STR: firefox
[INFO ] 2022-11-26 12:12:14.244 [main] Log - NORMALIZED STR: false
[INFO ] 2022-11-26 12:12:14.244 [main] Log - NORMALIZED STR: https://www.uniqlo.com/vn/en/
[INFO ] 2022-11-26 12:12:14.244 [main] Log - THE DESIGNATED BROWSER= firefox
[INFO ] 2022-11-26 12:12:22.168 [main] Log - TRIGGER BROWSER >>
[INFO ] 2022-11-26 12:12:22.171 [main] Log - {men} CONTAINED {men}
[INFO ] 2022-11-26 12:12:22.482 [main] Log - HOVERED SELECTOR= //li[@data-test= "men-navItem"]/a[div/span[contains(text(), "men")]]
[INFO ] 2022-11-26 12:12:22.696 [main] Log - ABOUT TO CLICK ON T-SHIRTS CATEGORY >>   
[INFO ] 2022-11-26 12:12:22.710 [main] Log - FOUND SELECTOR= (//div[contains(@class, "global-nav")])[3]//span[contains(text(), "T-shirts")][parent::div[parent::a[contains(@href, "/vn/en/men/tops/t-shirts")]]]
[INFO ] 2022-11-26 12:12:22.855 [main] Log - CLICK ON SELECTOR= (//div[contains(@class, "global-nav")])[3]//span[contains(text(), "T-shirts")][parent::div[parent::a[contains(@href, "/vn/en/men/tops/t-shirts")]]]
[INFO ] 2022-11-26 12:12:23.049 [main] Log - VERIFY IF {MEN} IS EQUAL TO {MEN}
[INFO ] 2022-11-26 12:12:23.050 [main] Log - BREADCRUMB CONTAINED MEN LABEL {MEN} >>   
[INFO ] 2022-11-26 12:12:23.053 [main] Log - VERIFY IF {T-SHIRTS} IS EQUAL TO {T-shirts}
[INFO ] 2022-11-26 12:12:23.053 [main] Log - BREADCRUMB CONTAINED T-SHIRTS LABEL {T-shirts} >>   
[INFO ] 2022-11-26 12:12:23.058 [main] Log - VERIFY IF {MEN} IS EQUAL TO {}
[INFO ] 2022-11-26 12:12:48.613 [main] Log - NORMALIZED STR: Mac OS X
[INFO ] 2022-11-26 12:12:48.614 [main] Log - {mac os x} CONTAINED {mac os x}
[INFO ] 2022-11-26 12:12:48.614 [main] Log - NORMALIZED STR: Mac OS X
[INFO ] 2022-11-26 12:12:48.614 [main] Log - {mac os x} CONTAINED {mac os x}
[INFO ] 2022-11-26 12:12:48.614 [main] Log - NORMALIZED STR: Mac OS X
[INFO ] 2022-11-26 12:12:48.614 [main] Log - {mac os x} CONTAINED {mac os x}
[INFO ] 2022-11-26 12:12:48.614 [main] Log - NORMALIZED STR: Mac OS X
[INFO ] 2022-11-26 12:12:48.614 [main] Log - {mac os x} CONTAINED {mac os x}
[INFO ] 2022-11-26 12:12:48.614 [main] Log - GOT PROPERTIES FILE >>
[INFO ] 2022-11-26 12:12:48.615 [main] Log - NORMALIZED STR: firefox
[INFO ] 2022-11-26 12:12:48.615 [main] Log - NORMALIZED STR: false
[INFO ] 2022-11-26 12:12:48.615 [main] Log - NORMALIZED STR: https://www.uniqlo.com/vn/en/
[INFO ] 2022-11-26 12:12:48.615 [main] Log - THE DESIGNATED BROWSER= firefox
[INFO ] 2022-11-26 12:12:53.994 [main] Log - TRIGGER BROWSER >>
[INFO ] 2022-11-26 12:12:53.997 [main] Log - {men} CONTAINED {men}
[INFO ] 2022-11-26 12:12:54.265 [main] Log - HOVERED SELECTOR= //li[@data-test= "men-navItem"]/a[div/span[contains(text(), "men")]]
[INFO ] 2022-11-26 12:12:54.380 [main] Log - ABOUT TO CLICK ON T-SHIRTS CATEGORY >>   
[INFO ] 2022-11-26 12:12:54.388 [main] Log - FOUND SELECTOR= (//div[contains(@class, "global-nav")])[3]//span[contains(text(), "T-shirts")][parent::div[parent::a[contains(@href, "/vn/en/men/tops/t-shirts")]]]
[INFO ] 2022-11-26 12:12:54.523 [main] Log - CLICK ON SELECTOR= (//div[contains(@class, "global-nav")])[3]//span[contains(text(), "T-shirts")][parent::div[parent::a[contains(@href, "/vn/en/men/tops/t-shirts")]]]
[INFO ] 2022-11-26 12:12:54.640 [main] Log - VERIFY IF {MEN} IS EQUAL TO {MEN}
[INFO ] 2022-11-26 12:12:54.641 [main] Log - BREADCRUMB CONTAINED MEN LABEL {MEN} >>   
[INFO ] 2022-11-26 12:12:54.651 [main] Log - VERIFY IF {T-SHIRTS} IS EQUAL TO {T-shirts}
[INFO ] 2022-11-26 12:12:54.651 [main] Log - BREADCRUMB CONTAINED T-SHIRTS LABEL {T-shirts} >>   
[INFO ] 2022-11-26 12:12:57.619 [main] Log - VERIFY IF {MEN} IS EQUAL TO {MEN}
[INFO ] 2022-11-26 12:12:57.619 [main] Log - BREADCRUMB CONTAINED HEADING {MEN} >>   
[INFO ] 2022-11-26 12:12:57.640 [main] Log - DELETED ALL COOKIES >>
[WARN ] 2022-11-26 12:12:57.964 [main] Log - REPELLED BROWSER >>
